{"/Users/alexiaolivei/CascadeProjects/zona21/electron/main/indexer.ts": {"path":"/Users/alexiaolivei/CascadeProjects/zona21/electron/main/indexer.ts","statementMap":{"0":{"start":{"line":12,"column":6},"end":{"line":12,"column":null}},"1":{"start":{"line":14,"column":22},"end":{"line":14,"column":null}},"2":{"start":{"line":15,"column":19},"end":{"line":15,"column":null}},"3":{"start":{"line":16,"column":27},"end":{"line":16,"column":null}},"4":{"start":{"line":18,"column":25},"end":{"line":18,"column":null}},"5":{"start":{"line":19,"column":25},"end":{"line":19,"column":null}},"6":{"start":{"line":22,"column":22},"end":{"line":22,"column":null}},"7":{"start":{"line":28,"column":4},"end":{"line":28,"column":null}},"8":{"start":{"line":29,"column":4},"end":{"line":31,"column":null}},"9":{"start":{"line":30,"column":6},"end":{"line":30,"column":null}},"10":{"start":{"line":34,"column":4},"end":{"line":34,"column":null}},"11":{"start":{"line":37,"column":4},"end":{"line":55,"column":null}},"12":{"start":{"line":38,"column":12},"end":{"line":38,"column":null}},"13":{"start":{"line":39,"column":12},"end":{"line":39,"column":null}},"14":{"start":{"line":41,"column":6},"end":{"line":44,"column":null}},"15":{"start":{"line":42,"column":8},"end":{"line":42,"column":null}},"16":{"start":{"line":43,"column":8},"end":{"line":43,"column":null}},"17":{"start":{"line":45,"column":6},"end":{"line":48,"column":null}},"18":{"start":{"line":46,"column":8},"end":{"line":46,"column":null}},"19":{"start":{"line":47,"column":8},"end":{"line":47,"column":null}},"20":{"start":{"line":50,"column":6},"end":{"line":50,"column":null}},"21":{"start":{"line":51,"column":6},"end":{"line":51,"column":null}},"22":{"start":{"line":53,"column":6},"end":{"line":53,"column":null}},"23":{"start":{"line":54,"column":6},"end":{"line":54,"column":null}},"24":{"start":{"line":59,"column":28},"end":{"line":59,"column":null}},"25":{"start":{"line":61,"column":17},"end":{"line":81,"column":null}},"26":{"start":{"line":62,"column":22},"end":{"line":62,"column":null}},"27":{"start":{"line":64,"column":6},"end":{"line":80,"column":null}},"28":{"start":{"line":65,"column":25},"end":{"line":65,"column":null}},"29":{"start":{"line":67,"column":8},"end":{"line":79,"column":null}},"30":{"start":{"line":68,"column":10},"end":{"line":68,"column":null}},"31":{"start":{"line":69,"column":8},"end":{"line":79,"column":null}},"32":{"start":{"line":71,"column":10},"end":{"line":73,"column":null}},"33":{"start":{"line":72,"column":12},"end":{"line":72,"column":null}},"34":{"start":{"line":75,"column":22},"end":{"line":75,"column":null}},"35":{"start":{"line":76,"column":10},"end":{"line":78,"column":null}},"36":{"start":{"line":77,"column":12},"end":{"line":77,"column":null}},"37":{"start":{"line":83,"column":4},"end":{"line":83,"column":null}},"38":{"start":{"line":84,"column":4},"end":{"line":84,"column":null}},"39":{"start":{"line":88,"column":18},"end":{"line":88,"column":null}},"40":{"start":{"line":89,"column":16},"end":{"line":89,"column":null}},"41":{"start":{"line":90,"column":33},"end":{"line":90,"column":null}},"42":{"start":{"line":92,"column":25},"end":{"line":92,"column":null}},"43":{"start":{"line":95,"column":22},"end":{"line":95,"column":null}},"44":{"start":{"line":96,"column":4},"end":{"line":101,"column":null}},"45":{"start":{"line":97,"column":6},"end":{"line":97,"column":null}},"46":{"start":{"line":99,"column":6},"end":{"line":99,"column":null}},"47":{"start":{"line":100,"column":6},"end":{"line":100,"column":null}},"48":{"start":{"line":103,"column":15},"end":{"line":107,"column":null}},"49":{"start":{"line":109,"column":34},"end":{"line":130,"column":null}},"50":{"start":{"line":133,"column":4},"end":{"line":195,"column":null}},"51":{"start":{"line":134,"column":6},"end":{"line":140,"column":null}},"52":{"start":{"line":135,"column":26},"end":{"line":135,"column":null}},"53":{"start":{"line":136,"column":8},"end":{"line":136,"column":null}},"54":{"start":{"line":138,"column":8},"end":{"line":138,"column":null}},"55":{"start":{"line":143,"column":6},"end":{"line":158,"column":null}},"56":{"start":{"line":144,"column":30},"end":{"line":144,"column":null}},"57":{"start":{"line":145,"column":8},"end":{"line":147,"column":null}},"58":{"start":{"line":146,"column":10},"end":{"line":146,"column":null}},"59":{"start":{"line":149,"column":8},"end":{"line":149,"column":null}},"60":{"start":{"line":151,"column":8},"end":{"line":157,"column":null}},"61":{"start":{"line":152,"column":34},"end":{"line":152,"column":null}},"62":{"start":{"line":153,"column":30},"end":{"line":153,"column":null}},"63":{"start":{"line":154,"column":10},"end":{"line":154,"column":null}},"64":{"start":{"line":160,"column":6},"end":{"line":166,"column":null}},"65":{"start":{"line":161,"column":26},"end":{"line":161,"column":null}},"66":{"start":{"line":162,"column":8},"end":{"line":162,"column":null}},"67":{"start":{"line":164,"column":8},"end":{"line":164,"column":null}},"68":{"start":{"line":169,"column":6},"end":{"line":183,"column":null}},"69":{"start":{"line":170,"column":30},"end":{"line":170,"column":null}},"70":{"start":{"line":171,"column":8},"end":{"line":173,"column":null}},"71":{"start":{"line":172,"column":10},"end":{"line":172,"column":null}},"72":{"start":{"line":175,"column":8},"end":{"line":175,"column":null}},"73":{"start":{"line":176,"column":8},"end":{"line":182,"column":null}},"74":{"start":{"line":177,"column":34},"end":{"line":177,"column":null}},"75":{"start":{"line":178,"column":30},"end":{"line":178,"column":null}},"76":{"start":{"line":179,"column":10},"end":{"line":179,"column":null}},"77":{"start":{"line":186,"column":28},"end":{"line":186,"column":null}},"78":{"start":{"line":187,"column":6},"end":{"line":194,"column":null}},"79":{"start":{"line":188,"column":8},"end":{"line":193,"column":null}},"80":{"start":{"line":189,"column":33},"end":{"line":189,"column":null}},"81":{"start":{"line":190,"column":10},"end":{"line":190,"column":null}},"82":{"start":{"line":192,"column":10},"end":{"line":192,"column":null}},"83":{"start":{"line":198,"column":4},"end":{"line":198,"column":null}},"84":{"start":{"line":200,"column":4},"end":{"line":200,"column":null}},"85":{"start":{"line":204,"column":4},"end":{"line":216,"column":null}},"86":{"start":{"line":206,"column":8},"end":{"line":208,"column":null}},"87":{"start":{"line":210,"column":6},"end":{"line":212,"column":null}},"88":{"start":{"line":211,"column":8},"end":{"line":211,"column":null}},"89":{"start":{"line":213,"column":6},"end":{"line":213,"column":null}},"90":{"start":{"line":215,"column":6},"end":{"line":215,"column":null}},"91":{"start":{"line":220,"column":4},"end":{"line":243,"column":null}},"92":{"start":{"line":221,"column":26},"end":{"line":221,"column":null}},"93":{"start":{"line":222,"column":6},"end":{"line":229,"column":null}},"94":{"start":{"line":223,"column":8},"end":{"line":228,"column":null}},"95":{"start":{"line":224,"column":20},"end":{"line":224,"column":null}},"96":{"start":{"line":225,"column":10},"end":{"line":225,"column":null}},"97":{"start":{"line":225,"column":26},"end":{"line":225,"column":null}},"98":{"start":{"line":231,"column":24},"end":{"line":231,"column":null}},"99":{"start":{"line":232,"column":6},"end":{"line":239,"column":null}},"100":{"start":{"line":233,"column":8},"end":{"line":238,"column":null}},"101":{"start":{"line":234,"column":20},"end":{"line":234,"column":null}},"102":{"start":{"line":235,"column":10},"end":{"line":235,"column":null}},"103":{"start":{"line":235,"column":26},"end":{"line":235,"column":null}},"104":{"start":{"line":237,"column":10},"end":{"line":237,"column":null}},"105":{"start":{"line":240,"column":6},"end":{"line":240,"column":null}},"106":{"start":{"line":242,"column":6},"end":{"line":242,"column":null}},"107":{"start":{"line":247,"column":19},"end":{"line":247,"column":null}},"108":{"start":{"line":248,"column":15},"end":{"line":248,"column":null}},"109":{"start":{"line":249,"column":4},"end":{"line":249,"column":null}},"110":{"start":{"line":250,"column":4},"end":{"line":250,"column":null}},"111":{"start":{"line":252,"column":4},"end":{"line":252,"column":null}},"112":{"start":{"line":256,"column":4},"end":{"line":320,"column":null}},"113":{"start":{"line":257,"column":6},"end":{"line":319,"column":null}},"114":{"start":{"line":258,"column":8},"end":{"line":283,"column":null}},"115":{"start":{"line":260,"column":10},"end":{"line":281,"column":null}},"116":{"start":{"line":282,"column":10},"end":{"line":282,"column":null}},"117":{"start":{"line":285,"column":28},"end":{"line":285,"column":null}},"118":{"start":{"line":285,"column":57},"end":{"line":285,"column":81}},"119":{"start":{"line":286,"column":28},"end":{"line":286,"column":null}},"120":{"start":{"line":286,"column":57},"end":{"line":286,"column":81}},"121":{"start":{"line":288,"column":35},"end":{"line":295,"column":null}},"122":{"start":{"line":289,"column":10},"end":{"line":289,"column":null}},"123":{"start":{"line":289,"column":27},"end":{"line":289,"column":null}},"124":{"start":{"line":290,"column":24},"end":{"line":290,"column":null}},"125":{"start":{"line":291,"column":10},"end":{"line":293,"column":null}},"126":{"start":{"line":292,"column":12},"end":{"line":292,"column":null}},"127":{"start":{"line":294,"column":10},"end":{"line":294,"column":null}},"128":{"start":{"line":297,"column":8},"end":{"line":318,"column":null}},"129":{"start":{"line":324,"column":4},"end":{"line":405,"column":null}},"130":{"start":{"line":325,"column":19},"end":{"line":325,"column":null}},"131":{"start":{"line":328,"column":20},"end":{"line":328,"column":null}},"132":{"start":{"line":329,"column":21},"end":{"line":329,"column":null}},"133":{"start":{"line":331,"column":31},"end":{"line":350,"column":null}},"134":{"start":{"line":332,"column":8},"end":{"line":332,"column":null}},"135":{"start":{"line":332,"column":61},"end":{"line":332,"column":null}},"136":{"start":{"line":333,"column":8},"end":{"line":346,"column":null}},"137":{"start":{"line":334,"column":20},"end":{"line":334,"column":null}},"138":{"start":{"line":335,"column":10},"end":{"line":335,"column":null}},"139":{"start":{"line":335,"column":65},"end":{"line":335,"column":null}},"140":{"start":{"line":336,"column":10},"end":{"line":336,"column":null}},"141":{"start":{"line":336,"column":47},"end":{"line":336,"column":null}},"142":{"start":{"line":337,"column":10},"end":{"line":337,"column":null}},"143":{"start":{"line":337,"column":40},"end":{"line":337,"column":null}},"144":{"start":{"line":338,"column":10},"end":{"line":338,"column":null}},"145":{"start":{"line":338,"column":45},"end":{"line":338,"column":null}},"146":{"start":{"line":339,"column":10},"end":{"line":339,"column":null}},"147":{"start":{"line":339,"column":111},"end":{"line":339,"column":null}},"148":{"start":{"line":340,"column":10},"end":{"line":340,"column":null}},"149":{"start":{"line":340,"column":39},"end":{"line":340,"column":null}},"150":{"start":{"line":341,"column":10},"end":{"line":341,"column":null}},"151":{"start":{"line":341,"column":111},"end":{"line":341,"column":null}},"152":{"start":{"line":342,"column":10},"end":{"line":342,"column":null}},"153":{"start":{"line":342,"column":40},"end":{"line":342,"column":null}},"154":{"start":{"line":344,"column":20},"end":{"line":344,"column":null}},"155":{"start":{"line":345,"column":10},"end":{"line":345,"column":null}},"156":{"start":{"line":345,"column":34},"end":{"line":345,"column":null}},"157":{"start":{"line":347,"column":26},"end":{"line":347,"column":null}},"158":{"start":{"line":348,"column":8},"end":{"line":348,"column":null}},"159":{"start":{"line":348,"column":71},"end":{"line":348,"column":null}},"160":{"start":{"line":349,"column":8},"end":{"line":349,"column":null}},"161":{"start":{"line":352,"column":16},"end":{"line":352,"column":null}},"162":{"start":{"line":353,"column":24},"end":{"line":353,"column":null}},"163":{"start":{"line":354,"column":19},"end":{"line":354,"column":null}},"164":{"start":{"line":355,"column":19},"end":{"line":355,"column":null}},"165":{"start":{"line":356,"column":20},"end":{"line":356,"column":null}},"166":{"start":{"line":357,"column":20},"end":{"line":357,"column":null}},"167":{"start":{"line":359,"column":6},"end":{"line":380,"column":null}},"168":{"start":{"line":382,"column":6},"end":{"line":382,"column":null}},"169":{"start":{"line":383,"column":6},"end":{"line":404,"column":null}},"170":{"start":{"line":409,"column":26},"end":{"line":409,"column":null}},"171":{"start":{"line":411,"column":4},"end":{"line":428,"column":null}},"172":{"start":{"line":412,"column":6},"end":{"line":427,"column":null}},"173":{"start":{"line":419,"column":25},"end":{"line":419,"column":47}},"174":{"start":{"line":421,"column":10},"end":{"line":426,"column":null}},"175":{"start":{"line":422,"column":22},"end":{"line":422,"column":null}},"176":{"start":{"line":423,"column":12},"end":{"line":423,"column":null}},"177":{"start":{"line":425,"column":12},"end":{"line":425,"column":null}},"178":{"start":{"line":432,"column":24},"end":{"line":432,"column":null}},"179":{"start":{"line":434,"column":4},"end":{"line":478,"column":null}},"180":{"start":{"line":435,"column":27},"end":{"line":435,"column":null}},"181":{"start":{"line":436,"column":58},"end":{"line":440,"column":null}},"182":{"start":{"line":437,"column":14},"end":{"line":437,"column":null}},"183":{"start":{"line":438,"column":14},"end":{"line":438,"column":null}},"184":{"start":{"line":439,"column":14},"end":{"line":439,"column":null}},"185":{"start":{"line":442,"column":22},"end":{"line":442,"column":null}},"186":{"start":{"line":443,"column":6},"end":{"line":456,"column":null}},"187":{"start":{"line":444,"column":8},"end":{"line":455,"column":null}},"188":{"start":{"line":445,"column":10},"end":{"line":445,"column":null}},"189":{"start":{"line":446,"column":10},"end":{"line":452,"column":null}},"190":{"start":{"line":447,"column":22},"end":{"line":447,"column":null}},"191":{"start":{"line":448,"column":12},"end":{"line":451,"column":null}},"192":{"start":{"line":449,"column":14},"end":{"line":449,"column":null}},"193":{"start":{"line":450,"column":14},"end":{"line":450,"column":null}},"194":{"start":{"line":458,"column":6},"end":{"line":460,"column":null}},"195":{"start":{"line":459,"column":8},"end":{"line":459,"column":null}},"196":{"start":{"line":463,"column":6},"end":{"line":466,"column":null}},"197":{"start":{"line":468,"column":6},"end":{"line":472,"column":null}},"198":{"start":{"line":469,"column":8},"end":{"line":469,"column":null}},"199":{"start":{"line":474,"column":6},"end":{"line":474,"column":null}},"200":{"start":{"line":476,"column":6},"end":{"line":476,"column":null}},"201":{"start":{"line":477,"column":6},"end":{"line":477,"column":null}},"202":{"start":{"line":482,"column":26},"end":{"line":482,"column":null}},"203":{"start":{"line":483,"column":16},"end":{"line":483,"column":null}},"204":{"start":{"line":485,"column":23},"end":{"line":494,"column":null}},"205":{"start":{"line":486,"column":6},"end":{"line":486,"column":null}},"206":{"start":{"line":486,"column":14},"end":{"line":486,"column":null}},"207":{"start":{"line":487,"column":6},"end":{"line":493,"column":null}},"208":{"start":{"line":488,"column":8},"end":{"line":488,"column":null}},"209":{"start":{"line":490,"column":22},"end":{"line":490,"column":null}},"210":{"start":{"line":491,"column":8},"end":{"line":491,"column":null}},"211":{"start":{"line":491,"column":31},"end":{"line":491,"column":null}},"212":{"start":{"line":492,"column":8},"end":{"line":492,"column":null}},"213":{"start":{"line":497,"column":26},"end":{"line":497,"column":null}},"214":{"start":{"line":499,"column":4},"end":{"line":566,"column":null}},"215":{"start":{"line":500,"column":40},"end":{"line":500,"column":null}},"216":{"start":{"line":501,"column":6},"end":{"line":565,"column":null}},"217":{"start":{"line":502,"column":8},"end":{"line":502,"column":null}},"218":{"start":{"line":503,"column":60},"end":{"line":508,"column":null}},"219":{"start":{"line":504,"column":16},"end":{"line":504,"column":null}},"220":{"start":{"line":505,"column":16},"end":{"line":505,"column":null}},"221":{"start":{"line":506,"column":16},"end":{"line":506,"column":null}},"222":{"start":{"line":507,"column":16},"end":{"line":507,"column":null}},"223":{"start":{"line":510,"column":24},"end":{"line":510,"column":null}},"224":{"start":{"line":511,"column":8},"end":{"line":524,"column":null}},"225":{"start":{"line":512,"column":10},"end":{"line":523,"column":null}},"226":{"start":{"line":513,"column":12},"end":{"line":513,"column":null}},"227":{"start":{"line":514,"column":12},"end":{"line":520,"column":null}},"228":{"start":{"line":515,"column":24},"end":{"line":515,"column":null}},"229":{"start":{"line":516,"column":14},"end":{"line":519,"column":null}},"230":{"start":{"line":517,"column":16},"end":{"line":517,"column":null}},"231":{"start":{"line":518,"column":16},"end":{"line":518,"column":null}},"232":{"start":{"line":526,"column":8},"end":{"line":528,"column":null}},"233":{"start":{"line":527,"column":10},"end":{"line":527,"column":null}},"234":{"start":{"line":530,"column":8},"end":{"line":532,"column":null}},"235":{"start":{"line":531,"column":10},"end":{"line":531,"column":null}},"236":{"start":{"line":534,"column":8},"end":{"line":541,"column":null}},"237":{"start":{"line":535,"column":20},"end":{"line":535,"column":null}},"238":{"start":{"line":536,"column":10},"end":{"line":538,"column":null}},"239":{"start":{"line":537,"column":12},"end":{"line":537,"column":null}},"240":{"start":{"line":540,"column":10},"end":{"line":540,"column":null}},"241":{"start":{"line":543,"column":8},"end":{"line":547,"column":null}},"242":{"start":{"line":549,"column":8},"end":{"line":553,"column":null}},"243":{"start":{"line":550,"column":10},"end":{"line":550,"column":null}},"244":{"start":{"line":555,"column":8},"end":{"line":555,"column":null}},"245":{"start":{"line":557,"column":8},"end":{"line":557,"column":null}},"246":{"start":{"line":559,"column":8},"end":{"line":563,"column":null}},"247":{"start":{"line":560,"column":10},"end":{"line":560,"column":null}},"248":{"start":{"line":564,"column":8},"end":{"line":564,"column":null}},"249":{"start":{"line":569,"column":4},"end":{"line":580,"column":null}},"250":{"start":{"line":570,"column":6},"end":{"line":574,"column":null}},"251":{"start":{"line":576,"column":6},"end":{"line":576,"column":null}},"252":{"start":{"line":578,"column":6},"end":{"line":578,"column":null}},"253":{"start":{"line":579,"column":6},"end":{"line":579,"column":null}},"254":{"start":{"line":585,"column":4},"end":{"line":594,"column":null}},"255":{"start":{"line":596,"column":4},"end":{"line":596,"column":null}},"256":{"start":{"line":600,"column":15},"end":{"line":600,"column":null}},"257":{"start":{"line":602,"column":17},"end":{"line":622,"column":null}},"258":{"start":{"line":624,"column":4},"end":{"line":633,"column":null}}},"fnMap":{"0":{"name":"(anonymous_0)","decl":{"start":{"line":27,"column":2},"end":{"line":27,"column":14}},"loc":{"start":{"line":27,"column":32},"end":{"line":56,"column":null}},"line":27},"1":{"name":"(anonymous_1)","decl":{"start":{"line":58,"column":8},"end":{"line":58,"column":22}},"loc":{"start":{"line":58,"column":58},"end":{"line":85,"column":null}},"line":58},"2":{"name":"(anonymous_2)","decl":{"start":{"line":61,"column":17},"end":{"line":61,"column":24}},"loc":{"start":{"line":61,"column":48},"end":{"line":81,"column":null}},"line":61},"3":{"name":"(anonymous_3)","decl":{"start":{"line":87,"column":8},"end":{"line":87,"column":18}},"loc":{"start":{"line":87,"column":98},"end":{"line":201,"column":null}},"line":87},"4":{"name":"(anonymous_4)","decl":{"start":{"line":203,"column":8},"end":{"line":203,"column":24}},"loc":{"start":{"line":203,"column":105},"end":{"line":217,"column":null}},"line":203},"5":{"name":"(anonymous_5)","decl":{"start":{"line":219,"column":8},"end":{"line":219,"column":32}},"loc":{"start":{"line":219,"column":91},"end":{"line":244,"column":null}},"line":219},"6":{"name":"(anonymous_6)","decl":{"start":{"line":246,"column":16},"end":{"line":246,"column":37}},"loc":{"start":{"line":246,"column":72},"end":{"line":253,"column":null}},"line":246},"7":{"name":"(anonymous_7)","decl":{"start":{"line":255,"column":16},"end":{"line":255,"column":37}},"loc":{"start":{"line":255,"column":80},"end":{"line":321,"column":null}},"line":255},"8":{"name":"(anonymous_8)","decl":{"start":{"line":256,"column":23},"end":{"line":256,"column":24}},"loc":{"start":{"line":256,"column":36},"end":{"line":320,"column":5}},"line":256},"9":{"name":"(anonymous_9)","decl":{"start":{"line":257,"column":31},"end":{"line":257,"column":32}},"loc":{"start":{"line":257,"column":50},"end":{"line":319,"column":7}},"line":257},"10":{"name":"(anonymous_10)","decl":{"start":{"line":285,"column":50},"end":{"line":285,"column":51}},"loc":{"start":{"line":285,"column":57},"end":{"line":285,"column":81}},"line":285},"11":{"name":"(anonymous_11)","decl":{"start":{"line":286,"column":50},"end":{"line":286,"column":51}},"loc":{"start":{"line":286,"column":57},"end":{"line":286,"column":81}},"line":286},"12":{"name":"(anonymous_12)","decl":{"start":{"line":288,"column":35},"end":{"line":288,"column":36}},"loc":{"start":{"line":288,"column":86},"end":{"line":295,"column":null}},"line":288},"13":{"name":"(anonymous_13)","decl":{"start":{"line":323,"column":16},"end":{"line":323,"column":37}},"loc":{"start":{"line":323,"column":80},"end":{"line":406,"column":null}},"line":323},"14":{"name":"(anonymous_14)","decl":{"start":{"line":331,"column":31},"end":{"line":331,"column":32}},"loc":{"start":{"line":331,"column":60},"end":{"line":350,"column":null}},"line":331},"15":{"name":"(anonymous_15)","decl":{"start":{"line":408,"column":16},"end":{"line":408,"column":39}},"loc":{"start":{"line":408,"column":91},"end":{"line":429,"column":null}},"line":408},"16":{"name":"(anonymous_16)","decl":{"start":{"line":411,"column":23},"end":{"line":411,"column":24}},"loc":{"start":{"line":411,"column":36},"end":{"line":428,"column":5}},"line":411},"17":{"name":"(anonymous_17)","decl":{"start":{"line":419,"column":19},"end":{"line":419,"column":25}},"loc":{"start":{"line":419,"column":25},"end":{"line":419,"column":47}},"line":419},"18":{"name":"(anonymous_18)","decl":{"start":{"line":420,"column":21},"end":{"line":420,"column":33}},"loc":{"start":{"line":420,"column":33},"end":{"line":427,"column":9}},"line":420},"19":{"name":"(anonymous_19)","decl":{"start":{"line":431,"column":16},"end":{"line":431,"column":42}},"loc":{"start":{"line":431,"column":101},"end":{"line":479,"column":null}},"line":431},"20":{"name":"(anonymous_20)","decl":{"start":{"line":437,"column":8},"end":{"line":437,"column":14}},"loc":{"start":{"line":437,"column":14},"end":{"line":437,"column":null}},"line":437},"21":{"name":"(anonymous_21)","decl":{"start":{"line":438,"column":8},"end":{"line":438,"column":14}},"loc":{"start":{"line":438,"column":14},"end":{"line":438,"column":null}},"line":438},"22":{"name":"(anonymous_22)","decl":{"start":{"line":439,"column":8},"end":{"line":439,"column":14}},"loc":{"start":{"line":439,"column":14},"end":{"line":439,"column":null}},"line":439},"23":{"name":"(anonymous_23)","decl":{"start":{"line":481,"column":16},"end":{"line":481,"column":39}},"loc":{"start":{"line":481,"column":91},"end":{"line":581,"column":null}},"line":481},"24":{"name":"(anonymous_24)","decl":{"start":{"line":485,"column":23},"end":{"line":485,"column":30}},"loc":{"start":{"line":485,"column":51},"end":{"line":494,"column":null}},"line":485},"25":{"name":"(anonymous_25)","decl":{"start":{"line":504,"column":10},"end":{"line":504,"column":16}},"loc":{"start":{"line":504,"column":16},"end":{"line":504,"column":null}},"line":504},"26":{"name":"(anonymous_26)","decl":{"start":{"line":505,"column":10},"end":{"line":505,"column":16}},"loc":{"start":{"line":505,"column":16},"end":{"line":505,"column":null}},"line":505},"27":{"name":"(anonymous_27)","decl":{"start":{"line":506,"column":10},"end":{"line":506,"column":16}},"loc":{"start":{"line":506,"column":16},"end":{"line":506,"column":null}},"line":506},"28":{"name":"(anonymous_28)","decl":{"start":{"line":507,"column":10},"end":{"line":507,"column":16}},"loc":{"start":{"line":507,"column":16},"end":{"line":507,"column":null}},"line":507},"29":{"name":"(anonymous_29)","decl":{"start":{"line":583,"column":16},"end":{"line":583,"column":43}},"loc":{"start":{"line":583,"column":83},"end":{"line":597,"column":null}},"line":583},"30":{"name":"(anonymous_30)","decl":{"start":{"line":599,"column":10},"end":{"line":599,"column":20}},"loc":{"start":{"line":599,"column":34},"end":{"line":634,"column":null}},"line":599}},"branchMap":{"0":{"loc":{"start":{"line":29,"column":4},"end":{"line":31,"column":null}},"type":"if","locations":[{"start":{"line":29,"column":4},"end":{"line":31,"column":null}},{"start":{},"end":{}}],"line":29},"1":{"loc":{"start":{"line":41,"column":6},"end":{"line":44,"column":null}},"type":"if","locations":[{"start":{"line":41,"column":6},"end":{"line":44,"column":null}},{"start":{},"end":{}}],"line":41},"2":{"loc":{"start":{"line":45,"column":6},"end":{"line":48,"column":null}},"type":"if","locations":[{"start":{"line":45,"column":6},"end":{"line":48,"column":null}},{"start":{},"end":{}}],"line":45},"3":{"loc":{"start":{"line":50,"column":27},"end":{"line":50,"column":null}},"type":"binary-expr","locations":[{"start":{"line":50,"column":27},"end":{"line":50,"column":41}},{"start":{"line":50,"column":41},"end":{"line":50,"column":null}}],"line":50},"4":{"loc":{"start":{"line":67,"column":8},"end":{"line":79,"column":null}},"type":"if","locations":[{"start":{"line":67,"column":8},"end":{"line":79,"column":null}},{"start":{"line":69,"column":8},"end":{"line":79,"column":null}}],"line":67},"5":{"loc":{"start":{"line":69,"column":8},"end":{"line":79,"column":null}},"type":"if","locations":[{"start":{"line":69,"column":8},"end":{"line":79,"column":null}},{"start":{},"end":{}}],"line":69},"6":{"loc":{"start":{"line":71,"column":10},"end":{"line":73,"column":null}},"type":"if","locations":[{"start":{"line":71,"column":10},"end":{"line":73,"column":null}},{"start":{},"end":{}}],"line":71},"7":{"loc":{"start":{"line":71,"column":14},"end":{"line":71,"column":73}},"type":"binary-expr","locations":[{"start":{"line":71,"column":14},"end":{"line":71,"column":44}},{"start":{"line":71,"column":44},"end":{"line":71,"column":73}}],"line":71},"8":{"loc":{"start":{"line":76,"column":10},"end":{"line":78,"column":null}},"type":"if","locations":[{"start":{"line":76,"column":10},"end":{"line":78,"column":null}},{"start":{},"end":{}}],"line":76},"9":{"loc":{"start":{"line":76,"column":14},"end":{"line":76,"column":80}},"type":"binary-expr","locations":[{"start":{"line":76,"column":14},"end":{"line":76,"column":48}},{"start":{"line":76,"column":48},"end":{"line":76,"column":80}}],"line":76},"10":{"loc":{"start":{"line":90,"column":33},"end":{"line":90,"column":null}},"type":"cond-expr","locations":[{"start":{"line":90,"column":66},"end":{"line":90,"column":76}},{"start":{"line":90,"column":76},"end":{"line":90,"column":null}}],"line":90},"11":{"loc":{"start":{"line":133,"column":4},"end":{"line":195,"column":null}},"type":"if","locations":[{"start":{"line":133,"column":4},"end":{"line":195,"column":null}},{"start":{"line":159,"column":11},"end":{"line":195,"column":null}}],"line":133},"12":{"loc":{"start":{"line":145,"column":8},"end":{"line":147,"column":null}},"type":"if","locations":[{"start":{"line":145,"column":8},"end":{"line":147,"column":null}},{"start":{},"end":{}}],"line":145},"13":{"loc":{"start":{"line":145,"column":12},"end":{"line":145,"column":59}},"type":"binary-expr","locations":[{"start":{"line":145,"column":12},"end":{"line":145,"column":29}},{"start":{"line":145,"column":29},"end":{"line":145,"column":59}}],"line":145},"14":{"loc":{"start":{"line":171,"column":8},"end":{"line":173,"column":null}},"type":"if","locations":[{"start":{"line":171,"column":8},"end":{"line":173,"column":null}},{"start":{},"end":{}}],"line":171},"15":{"loc":{"start":{"line":171,"column":12},"end":{"line":171,"column":59}},"type":"binary-expr","locations":[{"start":{"line":171,"column":12},"end":{"line":171,"column":29}},{"start":{"line":171,"column":29},"end":{"line":171,"column":59}}],"line":171},"16":{"loc":{"start":{"line":187,"column":6},"end":{"line":194,"column":null}},"type":"if","locations":[{"start":{"line":187,"column":6},"end":{"line":194,"column":null}},{"start":{},"end":{}}],"line":187},"17":{"loc":{"start":{"line":206,"column":8},"end":{"line":208,"column":null}},"type":"cond-expr","locations":[{"start":{"line":207,"column":12},"end":{"line":207,"column":null}},{"start":{"line":208,"column":12},"end":{"line":208,"column":null}}],"line":206},"18":{"loc":{"start":{"line":210,"column":6},"end":{"line":212,"column":null}},"type":"if","locations":[{"start":{"line":210,"column":6},"end":{"line":212,"column":null}},{"start":{},"end":{}}],"line":210},"19":{"loc":{"start":{"line":210,"column":10},"end":{"line":210,"column":49}},"type":"binary-expr","locations":[{"start":{"line":210,"column":10},"end":{"line":210,"column":23}},{"start":{"line":210,"column":23},"end":{"line":210,"column":49}}],"line":210},"20":{"loc":{"start":{"line":222,"column":6},"end":{"line":229,"column":null}},"type":"if","locations":[{"start":{"line":222,"column":6},"end":{"line":229,"column":null}},{"start":{},"end":{}}],"line":222},"21":{"loc":{"start":{"line":225,"column":10},"end":{"line":225,"column":null}},"type":"if","locations":[{"start":{"line":225,"column":10},"end":{"line":225,"column":null}},{"start":{},"end":{}}],"line":225},"22":{"loc":{"start":{"line":232,"column":6},"end":{"line":239,"column":null}},"type":"if","locations":[{"start":{"line":232,"column":6},"end":{"line":239,"column":null}},{"start":{},"end":{}}],"line":232},"23":{"loc":{"start":{"line":232,"column":10},"end":{"line":232,"column":49}},"type":"binary-expr","locations":[{"start":{"line":232,"column":10},"end":{"line":232,"column":23}},{"start":{"line":232,"column":23},"end":{"line":232,"column":49}}],"line":232},"24":{"loc":{"start":{"line":235,"column":10},"end":{"line":235,"column":null}},"type":"if","locations":[{"start":{"line":235,"column":10},"end":{"line":235,"column":null}},{"start":{},"end":{}}],"line":235},"25":{"loc":{"start":{"line":258,"column":8},"end":{"line":283,"column":null}},"type":"if","locations":[{"start":{"line":258,"column":8},"end":{"line":283,"column":null}},{"start":{},"end":{}}],"line":258},"26":{"loc":{"start":{"line":289,"column":10},"end":{"line":289,"column":null}},"type":"if","locations":[{"start":{"line":289,"column":10},"end":{"line":289,"column":null}},{"start":{},"end":{}}],"line":289},"27":{"loc":{"start":{"line":291,"column":10},"end":{"line":293,"column":null}},"type":"if","locations":[{"start":{"line":291,"column":10},"end":{"line":293,"column":null}},{"start":{},"end":{}}],"line":291},"28":{"loc":{"start":{"line":298,"column":17},"end":{"line":298,"column":null}},"type":"binary-expr","locations":[{"start":{"line":298,"column":17},"end":{"line":298,"column":39}},{"start":{"line":298,"column":39},"end":{"line":298,"column":null}}],"line":298},"29":{"loc":{"start":{"line":299,"column":18},"end":{"line":299,"column":null}},"type":"binary-expr","locations":[{"start":{"line":299,"column":18},"end":{"line":299,"column":41}},{"start":{"line":299,"column":41},"end":{"line":299,"column":null}}],"line":299},"30":{"loc":{"start":{"line":300,"column":17},"end":{"line":300,"column":null}},"type":"binary-expr","locations":[{"start":{"line":300,"column":17},"end":{"line":300,"column":44}},{"start":{"line":300,"column":44},"end":{"line":300,"column":null}}],"line":300},"31":{"loc":{"start":{"line":303,"column":20},"end":{"line":303,"column":null}},"type":"binary-expr","locations":[{"start":{"line":303,"column":20},"end":{"line":303,"column":48}},{"start":{"line":303,"column":48},"end":{"line":303,"column":null}}],"line":303},"32":{"loc":{"start":{"line":304,"column":25},"end":{"line":304,"column":null}},"type":"binary-expr","locations":[{"start":{"line":304,"column":25},"end":{"line":304,"column":56}},{"start":{"line":304,"column":56},"end":{"line":304,"column":null}}],"line":304},"33":{"loc":{"start":{"line":305,"column":25},"end":{"line":305,"column":null}},"type":"binary-expr","locations":[{"start":{"line":305,"column":25},"end":{"line":305,"column":50}},{"start":{"line":305,"column":50},"end":{"line":305,"column":null}}],"line":305},"34":{"loc":{"start":{"line":306,"column":27},"end":{"line":306,"column":null}},"type":"binary-expr","locations":[{"start":{"line":306,"column":27},"end":{"line":306,"column":55}},{"start":{"line":306,"column":55},"end":{"line":306,"column":null}}],"line":306},"35":{"loc":{"start":{"line":328,"column":20},"end":{"line":328,"column":null}},"type":"binary-expr","locations":[{"start":{"line":328,"column":20},"end":{"line":328,"column":39}},{"start":{"line":328,"column":39},"end":{"line":328,"column":62}},{"start":{"line":328,"column":62},"end":{"line":328,"column":null}}],"line":328},"36":{"loc":{"start":{"line":329,"column":21},"end":{"line":329,"column":null}},"type":"binary-expr","locations":[{"start":{"line":329,"column":21},"end":{"line":329,"column":41}},{"start":{"line":329,"column":41},"end":{"line":329,"column":65}},{"start":{"line":329,"column":65},"end":{"line":329,"column":null}}],"line":329},"37":{"loc":{"start":{"line":332,"column":8},"end":{"line":332,"column":null}},"type":"if","locations":[{"start":{"line":332,"column":8},"end":{"line":332,"column":null}},{"start":{},"end":{}}],"line":332},"38":{"loc":{"start":{"line":332,"column":12},"end":{"line":332,"column":61}},"type":"binary-expr","locations":[{"start":{"line":332,"column":12},"end":{"line":332,"column":39}},{"start":{"line":332,"column":39},"end":{"line":332,"column":61}}],"line":332},"39":{"loc":{"start":{"line":333,"column":8},"end":{"line":346,"column":null}},"type":"if","locations":[{"start":{"line":333,"column":8},"end":{"line":346,"column":null}},{"start":{},"end":{}}],"line":333},"40":{"loc":{"start":{"line":335,"column":10},"end":{"line":335,"column":null}},"type":"if","locations":[{"start":{"line":335,"column":10},"end":{"line":335,"column":null}},{"start":{},"end":{}}],"line":335},"41":{"loc":{"start":{"line":335,"column":14},"end":{"line":335,"column":65}},"type":"binary-expr","locations":[{"start":{"line":335,"column":14},"end":{"line":335,"column":45}},{"start":{"line":335,"column":45},"end":{"line":335,"column":65}}],"line":335},"42":{"loc":{"start":{"line":336,"column":10},"end":{"line":336,"column":null}},"type":"if","locations":[{"start":{"line":336,"column":10},"end":{"line":336,"column":null}},{"start":{},"end":{}}],"line":336},"43":{"loc":{"start":{"line":337,"column":10},"end":{"line":337,"column":null}},"type":"if","locations":[{"start":{"line":337,"column":10},"end":{"line":337,"column":null}},{"start":{},"end":{}}],"line":337},"44":{"loc":{"start":{"line":338,"column":10},"end":{"line":338,"column":null}},"type":"if","locations":[{"start":{"line":338,"column":10},"end":{"line":338,"column":null}},{"start":{},"end":{}}],"line":338},"45":{"loc":{"start":{"line":339,"column":10},"end":{"line":339,"column":null}},"type":"if","locations":[{"start":{"line":339,"column":10},"end":{"line":339,"column":null}},{"start":{},"end":{}}],"line":339},"46":{"loc":{"start":{"line":339,"column":14},"end":{"line":339,"column":111}},"type":"binary-expr","locations":[{"start":{"line":339,"column":14},"end":{"line":339,"column":64}},{"start":{"line":339,"column":64},"end":{"line":339,"column":111}}],"line":339},"47":{"loc":{"start":{"line":340,"column":10},"end":{"line":340,"column":null}},"type":"if","locations":[{"start":{"line":340,"column":10},"end":{"line":340,"column":null}},{"start":{},"end":{}}],"line":340},"48":{"loc":{"start":{"line":341,"column":10},"end":{"line":341,"column":null}},"type":"if","locations":[{"start":{"line":341,"column":10},"end":{"line":341,"column":null}},{"start":{},"end":{}}],"line":341},"49":{"loc":{"start":{"line":341,"column":14},"end":{"line":341,"column":111}},"type":"binary-expr","locations":[{"start":{"line":341,"column":14},"end":{"line":341,"column":63}},{"start":{"line":341,"column":63},"end":{"line":341,"column":111}}],"line":341},"50":{"loc":{"start":{"line":342,"column":10},"end":{"line":342,"column":null}},"type":"if","locations":[{"start":{"line":342,"column":10},"end":{"line":342,"column":null}},{"start":{},"end":{}}],"line":342},"51":{"loc":{"start":{"line":345,"column":10},"end":{"line":345,"column":null}},"type":"if","locations":[{"start":{"line":345,"column":10},"end":{"line":345,"column":null}},{"start":{},"end":{}}],"line":345},"52":{"loc":{"start":{"line":348,"column":8},"end":{"line":348,"column":null}},"type":"if","locations":[{"start":{"line":348,"column":8},"end":{"line":348,"column":null}},{"start":{},"end":{}}],"line":348},"53":{"loc":{"start":{"line":348,"column":12},"end":{"line":348,"column":71}},"type":"binary-expr","locations":[{"start":{"line":348,"column":12},"end":{"line":348,"column":44}},{"start":{"line":348,"column":44},"end":{"line":348,"column":71}}],"line":348},"54":{"loc":{"start":{"line":353,"column":24},"end":{"line":353,"column":null}},"type":"binary-expr","locations":[{"start":{"line":353,"column":24},"end":{"line":353,"column":37}},{"start":{"line":353,"column":37},"end":{"line":353,"column":47}},{"start":{"line":353,"column":47},"end":{"line":353,"column":null}}],"line":353},"55":{"loc":{"start":{"line":354,"column":19},"end":{"line":354,"column":null}},"type":"cond-expr","locations":[{"start":{"line":354,"column":47},"end":{"line":354,"column":55}},{"start":{"line":354,"column":55},"end":{"line":354,"column":null}}],"line":354},"56":{"loc":{"start":{"line":355,"column":19},"end":{"line":355,"column":null}},"type":"cond-expr","locations":[{"start":{"line":355,"column":48},"end":{"line":355,"column":57}},{"start":{"line":355,"column":57},"end":{"line":355,"column":null}}],"line":355},"57":{"loc":{"start":{"line":356,"column":20},"end":{"line":356,"column":null}},"type":"cond-expr","locations":[{"start":{"line":356,"column":32},"end":{"line":356,"column":39}},{"start":{"line":356,"column":39},"end":{"line":356,"column":null}}],"line":356},"58":{"loc":{"start":{"line":357,"column":20},"end":{"line":357,"column":null}},"type":"cond-expr","locations":[{"start":{"line":357,"column":32},"end":{"line":357,"column":39}},{"start":{"line":357,"column":39},"end":{"line":357,"column":null}}],"line":357},"59":{"loc":{"start":{"line":369,"column":20},"end":{"line":369,"column":null}},"type":"binary-expr","locations":[{"start":{"line":369,"column":20},"end":{"line":369,"column":33}},{"start":{"line":369,"column":33},"end":{"line":369,"column":null}}],"line":369},"60":{"loc":{"start":{"line":370,"column":21},"end":{"line":370,"column":null}},"type":"binary-expr","locations":[{"start":{"line":370,"column":21},"end":{"line":370,"column":35}},{"start":{"line":370,"column":35},"end":{"line":370,"column":null}}],"line":370},"61":{"loc":{"start":{"line":371,"column":14},"end":{"line":371,"column":null}},"type":"binary-expr","locations":[{"start":{"line":371,"column":14},"end":{"line":371,"column":32}},{"start":{"line":371,"column":32},"end":{"line":371,"column":null}}],"line":371},"62":{"loc":{"start":{"line":372,"column":21},"end":{"line":372,"column":null}},"type":"cond-expr","locations":[{"start":{"line":372,"column":60},"end":{"line":372,"column":79}},{"start":{"line":372,"column":79},"end":{"line":372,"column":null}}],"line":372},"63":{"loc":{"start":{"line":373,"column":18},"end":{"line":373,"column":null}},"type":"cond-expr","locations":[{"start":{"line":373,"column":53},"end":{"line":373,"column":68}},{"start":{"line":373,"column":68},"end":{"line":373,"column":null}}],"line":373},"64":{"loc":{"start":{"line":374,"column":22},"end":{"line":374,"column":null}},"type":"cond-expr","locations":[{"start":{"line":374,"column":62},"end":{"line":374,"column":82}},{"start":{"line":374,"column":82},"end":{"line":374,"column":null}}],"line":374},"65":{"loc":{"start":{"line":375,"column":13},"end":{"line":375,"column":null}},"type":"binary-expr","locations":[{"start":{"line":375,"column":13},"end":{"line":375,"column":25}},{"start":{"line":375,"column":25},"end":{"line":375,"column":null}}],"line":375},"66":{"loc":{"start":{"line":376,"column":21},"end":{"line":376,"column":null}},"type":"binary-expr","locations":[{"start":{"line":376,"column":21},"end":{"line":376,"column":41}},{"start":{"line":376,"column":41},"end":{"line":376,"column":null}}],"line":376},"67":{"loc":{"start":{"line":377,"column":22},"end":{"line":377,"column":null}},"type":"binary-expr","locations":[{"start":{"line":377,"column":22},"end":{"line":377,"column":43}},{"start":{"line":377,"column":43},"end":{"line":377,"column":null}}],"line":377},"68":{"loc":{"start":{"line":379,"column":20},"end":{"line":379,"column":null}},"type":"binary-expr","locations":[{"start":{"line":379,"column":20},"end":{"line":379,"column":39}},{"start":{"line":379,"column":39},"end":{"line":379,"column":null}}],"line":379},"69":{"loc":{"start":{"line":446,"column":10},"end":{"line":452,"column":null}},"type":"if","locations":[{"start":{"line":446,"column":10},"end":{"line":452,"column":null}},{"start":{},"end":{}}],"line":446},"70":{"loc":{"start":{"line":448,"column":12},"end":{"line":451,"column":null}},"type":"if","locations":[{"start":{"line":448,"column":12},"end":{"line":451,"column":null}},{"start":{},"end":{}}],"line":448},"71":{"loc":{"start":{"line":458,"column":6},"end":{"line":460,"column":null}},"type":"if","locations":[{"start":{"line":458,"column":6},"end":{"line":460,"column":null}},{"start":{},"end":{}}],"line":458},"72":{"loc":{"start":{"line":458,"column":10},"end":{"line":458,"column":54}},"type":"binary-expr","locations":[{"start":{"line":458,"column":10},"end":{"line":458,"column":24}},{"start":{"line":458,"column":24},"end":{"line":458,"column":54}}],"line":458},"73":{"loc":{"start":{"line":486,"column":6},"end":{"line":486,"column":null}},"type":"if","locations":[{"start":{"line":486,"column":6},"end":{"line":486,"column":null}},{"start":{},"end":{}}],"line":486},"74":{"loc":{"start":{"line":491,"column":8},"end":{"line":491,"column":null}},"type":"if","locations":[{"start":{"line":491,"column":8},"end":{"line":491,"column":null}},{"start":{},"end":{}}],"line":491},"75":{"loc":{"start":{"line":499,"column":4},"end":{"line":566,"column":null}},"type":"if","locations":[{"start":{"line":499,"column":4},"end":{"line":566,"column":null}},{"start":{},"end":{}}],"line":499},"76":{"loc":{"start":{"line":514,"column":12},"end":{"line":520,"column":null}},"type":"if","locations":[{"start":{"line":514,"column":12},"end":{"line":520,"column":null}},{"start":{},"end":{}}],"line":514},"77":{"loc":{"start":{"line":514,"column":16},"end":{"line":514,"column":61}},"type":"binary-expr","locations":[{"start":{"line":514,"column":16},"end":{"line":514,"column":32}},{"start":{"line":514,"column":32},"end":{"line":514,"column":61}}],"line":514},"78":{"loc":{"start":{"line":516,"column":14},"end":{"line":519,"column":null}},"type":"if","locations":[{"start":{"line":516,"column":14},"end":{"line":519,"column":null}},{"start":{},"end":{}}],"line":516},"79":{"loc":{"start":{"line":526,"column":8},"end":{"line":528,"column":null}},"type":"if","locations":[{"start":{"line":526,"column":8},"end":{"line":528,"column":null}},{"start":{},"end":{}}],"line":526},"80":{"loc":{"start":{"line":530,"column":8},"end":{"line":532,"column":null}},"type":"if","locations":[{"start":{"line":530,"column":8},"end":{"line":532,"column":null}},{"start":{},"end":{}}],"line":530},"81":{"loc":{"start":{"line":530,"column":12},"end":{"line":530,"column":59}},"type":"binary-expr","locations":[{"start":{"line":530,"column":12},"end":{"line":530,"column":29}},{"start":{"line":530,"column":29},"end":{"line":530,"column":59}}],"line":530},"82":{"loc":{"start":{"line":536,"column":10},"end":{"line":538,"column":null}},"type":"if","locations":[{"start":{"line":536,"column":10},"end":{"line":538,"column":null}},{"start":{},"end":{}}],"line":536},"83":{"loc":{"start":{"line":630,"column":38},"end":{"line":630,"column":61}},"type":"cond-expr","locations":[{"start":{"line":630,"column":54},"end":{"line":630,"column":58}},{"start":{"line":630,"column":58},"end":{"line":630,"column":61}}],"line":630},"84":{"loc":{"start":{"line":630,"column":61},"end":{"line":630,"column":85}},"type":"cond-expr","locations":[{"start":{"line":630,"column":78},"end":{"line":630,"column":82}},{"start":{"line":630,"column":82},"end":{"line":630,"column":85}}],"line":630}},"s":{"0":1,"1":1,"2":1,"3":1,"4":1,"5":1,"6":1,"7":17,"8":17,"9":16,"10":17,"11":17,"12":17,"13":17,"14":17,"15":17,"16":17,"17":0,"18":0,"19":0,"20":0,"21":17,"22":17,"23":17,"24":14,"25":14,"26":38,"27":36,"28":164,"29":164,"30":24,"31":140,"32":140,"33":2,"34":138,"35":138,"36":134,"37":14,"38":12,"39":0,"40":0,"41":0,"42":0,"43":0,"44":0,"45":0,"46":0,"47":0,"48":0,"49":0,"50":0,"51":0,"52":0,"53":0,"54":0,"55":0,"56":0,"57":0,"58":0,"59":0,"60":0,"61":0,"62":0,"63":0,"64":0,"65":0,"66":0,"67":0,"68":0,"69":0,"70":0,"71":0,"72":0,"73":0,"74":0,"75":0,"76":0,"77":0,"78":0,"79":0,"80":0,"81":0,"82":0,"83":0,"84":0,"85":0,"86":0,"87":0,"88":0,"89":0,"90":0,"91":0,"92":0,"93":0,"94":0,"95":0,"96":0,"97":0,"98":0,"99":0,"100":0,"101":0,"102":0,"103":0,"104":0,"105":0,"106":0,"107":0,"108":0,"109":0,"110":0,"111":0,"112":0,"113":0,"114":0,"115":0,"116":0,"117":0,"118":0,"119":0,"120":0,"121":0,"122":0,"123":0,"124":0,"125":0,"126":0,"127":0,"128":0,"129":0,"130":0,"131":0,"132":0,"133":0,"134":0,"135":0,"136":0,"137":0,"138":0,"139":0,"140":0,"141":0,"142":0,"143":0,"144":0,"145":0,"146":0,"147":0,"148":0,"149":0,"150":0,"151":0,"152":0,"153":0,"154":0,"155":0,"156":0,"157":0,"158":0,"159":0,"160":0,"161":0,"162":0,"163":0,"164":0,"165":0,"166":0,"167":0,"168":0,"169":0,"170":0,"171":0,"172":0,"173":0,"174":0,"175":0,"176":0,"177":0,"178":0,"179":0,"180":0,"181":0,"182":0,"183":0,"184":0,"185":0,"186":0,"187":0,"188":0,"189":0,"190":0,"191":0,"192":0,"193":0,"194":0,"195":0,"196":0,"197":0,"198":0,"199":0,"200":0,"201":0,"202":0,"203":0,"204":0,"205":0,"206":0,"207":0,"208":0,"209":0,"210":0,"211":0,"212":0,"213":0,"214":0,"215":0,"216":0,"217":0,"218":0,"219":0,"220":0,"221":0,"222":0,"223":0,"224":0,"225":0,"226":0,"227":0,"228":0,"229":0,"230":0,"231":0,"232":0,"233":0,"234":0,"235":0,"236":0,"237":0,"238":0,"239":0,"240":0,"241":0,"242":0,"243":0,"244":0,"245":0,"246":0,"247":0,"248":0,"249":0,"250":0,"251":0,"252":0,"253":0,"254":0,"255":0,"256":0,"257":0,"258":0},"f":{"0":17,"1":14,"2":38,"3":0,"4":0,"5":0,"6":0,"7":0,"8":0,"9":0,"10":0,"11":0,"12":0,"13":0,"14":0,"15":0,"16":0,"17":0,"18":0,"19":0,"20":0,"21":0,"22":0,"23":0,"24":0,"25":0,"26":0,"27":0,"28":0,"29":0,"30":0},"b":{"0":[16,1],"1":[17,0],"2":[0,0],"3":[0,0],"4":[24,140],"5":[140,0],"6":[2,138],"7":[140,138],"8":[134,4],"9":[138,71],"10":[0,0],"11":[0,0],"12":[0,0],"13":[0,0],"14":[0,0],"15":[0,0],"16":[0,0],"17":[0,0],"18":[0,0],"19":[0,0],"20":[0,0],"21":[0,0],"22":[0,0],"23":[0,0],"24":[0,0],"25":[0,0],"26":[0,0],"27":[0,0],"28":[0,0],"29":[0,0],"30":[0,0],"31":[0,0],"32":[0,0],"33":[0,0],"34":[0,0],"35":[0,0,0],"36":[0,0,0],"37":[0,0],"38":[0,0],"39":[0,0],"40":[0,0],"41":[0,0],"42":[0,0],"43":[0,0],"44":[0,0],"45":[0,0],"46":[0,0],"47":[0,0],"48":[0,0],"49":[0,0],"50":[0,0],"51":[0,0],"52":[0,0],"53":[0,0],"54":[0,0,0],"55":[0,0],"56":[0,0],"57":[0,0],"58":[0,0],"59":[0,0],"60":[0,0],"61":[0,0],"62":[0,0],"63":[0,0],"64":[0,0],"65":[0,0],"66":[0,0],"67":[0,0],"68":[0,0],"69":[0,0],"70":[0,0],"71":[0,0],"72":[0,0],"73":[0,0],"74":[0,0],"75":[0,0],"76":[0,0],"77":[0,0],"78":[0,0],"79":[0,0],"80":[0,0],"81":[0,0],"82":[0,0],"83":[0,0],"84":[0,0]},"meta":{"lastBranch":85,"lastFunction":31,"lastStatement":259,"seen":{"s:12:6:12:Infinity":0,"s:14:22:14:Infinity":1,"s:15:19:15:Infinity":2,"s:16:27:16:Infinity":3,"s:18:25:18:Infinity":4,"s:19:25:19:Infinity":5,"s:22:22:22:Infinity":6,"f:27:2:27:14":0,"s:28:4:28:Infinity":7,"b:29:4:31:Infinity:undefined:undefined:undefined:undefined":0,"s:29:4:31:Infinity":8,"s:30:6:30:Infinity":9,"s:34:4:34:Infinity":10,"s:37:4:55:Infinity":11,"s:38:12:38:Infinity":12,"s:39:12:39:Infinity":13,"b:41:6:44:Infinity:undefined:undefined:undefined:undefined":1,"s:41:6:44:Infinity":14,"s:42:8:42:Infinity":15,"s:43:8:43:Infinity":16,"b:45:6:48:Infinity:undefined:undefined:undefined:undefined":2,"s:45:6:48:Infinity":17,"s:46:8:46:Infinity":18,"s:47:8:47:Infinity":19,"s:50:6:50:Infinity":20,"b:50:27:50:41:50:41:50:Infinity":3,"s:51:6:51:Infinity":21,"s:53:6:53:Infinity":22,"s:54:6:54:Infinity":23,"f:58:8:58:22":1,"s:59:28:59:Infinity":24,"s:61:17:81:Infinity":25,"f:61:17:61:24":2,"s:62:22:62:Infinity":26,"s:64:6:80:Infinity":27,"s:65:25:65:Infinity":28,"b:67:8:79:Infinity:69:8:79:Infinity":4,"s:67:8:79:Infinity":29,"s:68:10:68:Infinity":30,"b:69:8:79:Infinity:undefined:undefined:undefined:undefined":5,"s:69:8:79:Infinity":31,"b:71:10:73:Infinity:undefined:undefined:undefined:undefined":6,"s:71:10:73:Infinity":32,"b:71:14:71:44:71:44:71:73":7,"s:72:12:72:Infinity":33,"s:75:22:75:Infinity":34,"b:76:10:78:Infinity:undefined:undefined:undefined:undefined":8,"s:76:10:78:Infinity":35,"b:76:14:76:48:76:48:76:80":9,"s:77:12:77:Infinity":36,"s:83:4:83:Infinity":37,"s:84:4:84:Infinity":38,"f:87:8:87:18":3,"s:88:18:88:Infinity":39,"s:89:16:89:Infinity":40,"s:90:33:90:Infinity":41,"b:90:66:90:76:90:76:90:Infinity":10,"s:92:25:92:Infinity":42,"s:95:22:95:Infinity":43,"s:96:4:101:Infinity":44,"s:97:6:97:Infinity":45,"s:99:6:99:Infinity":46,"s:100:6:100:Infinity":47,"s:103:15:107:Infinity":48,"s:109:34:130:Infinity":49,"b:133:4:195:Infinity:159:11:195:Infinity":11,"s:133:4:195:Infinity":50,"s:134:6:140:Infinity":51,"s:135:26:135:Infinity":52,"s:136:8:136:Infinity":53,"s:138:8:138:Infinity":54,"s:143:6:158:Infinity":55,"s:144:30:144:Infinity":56,"b:145:8:147:Infinity:undefined:undefined:undefined:undefined":12,"s:145:8:147:Infinity":57,"b:145:12:145:29:145:29:145:59":13,"s:146:10:146:Infinity":58,"s:149:8:149:Infinity":59,"s:151:8:157:Infinity":60,"s:152:34:152:Infinity":61,"s:153:30:153:Infinity":62,"s:154:10:154:Infinity":63,"s:160:6:166:Infinity":64,"s:161:26:161:Infinity":65,"s:162:8:162:Infinity":66,"s:164:8:164:Infinity":67,"s:169:6:183:Infinity":68,"s:170:30:170:Infinity":69,"b:171:8:173:Infinity:undefined:undefined:undefined:undefined":14,"s:171:8:173:Infinity":70,"b:171:12:171:29:171:29:171:59":15,"s:172:10:172:Infinity":71,"s:175:8:175:Infinity":72,"s:176:8:182:Infinity":73,"s:177:34:177:Infinity":74,"s:178:30:178:Infinity":75,"s:179:10:179:Infinity":76,"s:186:28:186:Infinity":77,"b:187:6:194:Infinity:undefined:undefined:undefined:undefined":16,"s:187:6:194:Infinity":78,"s:188:8:193:Infinity":79,"s:189:33:189:Infinity":80,"s:190:10:190:Infinity":81,"s:192:10:192:Infinity":82,"s:198:4:198:Infinity":83,"s:200:4:200:Infinity":84,"f:203:8:203:24":4,"s:204:4:216:Infinity":85,"s:206:8:208:Infinity":86,"b:207:12:207:Infinity:208:12:208:Infinity":17,"b:210:6:212:Infinity:undefined:undefined:undefined:undefined":18,"s:210:6:212:Infinity":87,"b:210:10:210:23:210:23:210:49":19,"s:211:8:211:Infinity":88,"s:213:6:213:Infinity":89,"s:215:6:215:Infinity":90,"f:219:8:219:32":5,"s:220:4:243:Infinity":91,"s:221:26:221:Infinity":92,"b:222:6:229:Infinity:undefined:undefined:undefined:undefined":20,"s:222:6:229:Infinity":93,"s:223:8:228:Infinity":94,"s:224:20:224:Infinity":95,"b:225:10:225:Infinity:undefined:undefined:undefined:undefined":21,"s:225:10:225:Infinity":96,"s:225:26:225:Infinity":97,"s:231:24:231:Infinity":98,"b:232:6:239:Infinity:undefined:undefined:undefined:undefined":22,"s:232:6:239:Infinity":99,"b:232:10:232:23:232:23:232:49":23,"s:233:8:238:Infinity":100,"s:234:20:234:Infinity":101,"b:235:10:235:Infinity:undefined:undefined:undefined:undefined":24,"s:235:10:235:Infinity":102,"s:235:26:235:Infinity":103,"s:237:10:237:Infinity":104,"s:240:6:240:Infinity":105,"s:242:6:242:Infinity":106,"f:246:16:246:37":6,"s:247:19:247:Infinity":107,"s:248:15:248:Infinity":108,"s:249:4:249:Infinity":109,"s:250:4:250:Infinity":110,"s:252:4:252:Infinity":111,"f:255:16:255:37":7,"s:256:4:320:Infinity":112,"f:256:23:256:24":8,"s:257:6:319:Infinity":113,"f:257:31:257:32":9,"b:258:8:283:Infinity:undefined:undefined:undefined:undefined":25,"s:258:8:283:Infinity":114,"s:260:10:281:Infinity":115,"s:282:10:282:Infinity":116,"s:285:28:285:Infinity":117,"f:285:50:285:51":10,"s:285:57:285:81":118,"s:286:28:286:Infinity":119,"f:286:50:286:51":11,"s:286:57:286:81":120,"s:288:35:295:Infinity":121,"f:288:35:288:36":12,"b:289:10:289:Infinity:undefined:undefined:undefined:undefined":26,"s:289:10:289:Infinity":122,"s:289:27:289:Infinity":123,"s:290:24:290:Infinity":124,"b:291:10:293:Infinity:undefined:undefined:undefined:undefined":27,"s:291:10:293:Infinity":125,"s:292:12:292:Infinity":126,"s:294:10:294:Infinity":127,"s:297:8:318:Infinity":128,"b:298:17:298:39:298:39:298:Infinity":28,"b:299:18:299:41:299:41:299:Infinity":29,"b:300:17:300:44:300:44:300:Infinity":30,"b:303:20:303:48:303:48:303:Infinity":31,"b:304:25:304:56:304:56:304:Infinity":32,"b:305:25:305:50:305:50:305:Infinity":33,"b:306:27:306:55:306:55:306:Infinity":34,"f:323:16:323:37":13,"s:324:4:405:Infinity":129,"s:325:19:325:Infinity":130,"s:328:20:328:Infinity":131,"b:328:20:328:39:328:39:328:62:328:62:328:Infinity":35,"s:329:21:329:Infinity":132,"b:329:21:329:41:329:41:329:65:329:65:329:Infinity":36,"s:331:31:350:Infinity":133,"f:331:31:331:32":14,"b:332:8:332:Infinity:undefined:undefined:undefined:undefined":37,"s:332:8:332:Infinity":134,"b:332:12:332:39:332:39:332:61":38,"s:332:61:332:Infinity":135,"b:333:8:346:Infinity:undefined:undefined:undefined:undefined":39,"s:333:8:346:Infinity":136,"s:334:20:334:Infinity":137,"b:335:10:335:Infinity:undefined:undefined:undefined:undefined":40,"s:335:10:335:Infinity":138,"b:335:14:335:45:335:45:335:65":41,"s:335:65:335:Infinity":139,"b:336:10:336:Infinity:undefined:undefined:undefined:undefined":42,"s:336:10:336:Infinity":140,"s:336:47:336:Infinity":141,"b:337:10:337:Infinity:undefined:undefined:undefined:undefined":43,"s:337:10:337:Infinity":142,"s:337:40:337:Infinity":143,"b:338:10:338:Infinity:undefined:undefined:undefined:undefined":44,"s:338:10:338:Infinity":144,"s:338:45:338:Infinity":145,"b:339:10:339:Infinity:undefined:undefined:undefined:undefined":45,"s:339:10:339:Infinity":146,"b:339:14:339:64:339:64:339:111":46,"s:339:111:339:Infinity":147,"b:340:10:340:Infinity:undefined:undefined:undefined:undefined":47,"s:340:10:340:Infinity":148,"s:340:39:340:Infinity":149,"b:341:10:341:Infinity:undefined:undefined:undefined:undefined":48,"s:341:10:341:Infinity":150,"b:341:14:341:63:341:63:341:111":49,"s:341:111:341:Infinity":151,"b:342:10:342:Infinity:undefined:undefined:undefined:undefined":50,"s:342:10:342:Infinity":152,"s:342:40:342:Infinity":153,"s:344:20:344:Infinity":154,"b:345:10:345:Infinity:undefined:undefined:undefined:undefined":51,"s:345:10:345:Infinity":155,"s:345:34:345:Infinity":156,"s:347:26:347:Infinity":157,"b:348:8:348:Infinity:undefined:undefined:undefined:undefined":52,"s:348:8:348:Infinity":158,"b:348:12:348:44:348:44:348:71":53,"s:348:71:348:Infinity":159,"s:349:8:349:Infinity":160,"s:352:16:352:Infinity":161,"s:353:24:353:Infinity":162,"b:353:24:353:37:353:37:353:47:353:47:353:Infinity":54,"s:354:19:354:Infinity":163,"b:354:47:354:55:354:55:354:Infinity":55,"s:355:19:355:Infinity":164,"b:355:48:355:57:355:57:355:Infinity":56,"s:356:20:356:Infinity":165,"b:356:32:356:39:356:39:356:Infinity":57,"s:357:20:357:Infinity":166,"b:357:32:357:39:357:39:357:Infinity":58,"s:359:6:380:Infinity":167,"b:369:20:369:33:369:33:369:Infinity":59,"b:370:21:370:35:370:35:370:Infinity":60,"b:371:14:371:32:371:32:371:Infinity":61,"b:372:60:372:79:372:79:372:Infinity":62,"b:373:53:373:68:373:68:373:Infinity":63,"b:374:62:374:82:374:82:374:Infinity":64,"b:375:13:375:25:375:25:375:Infinity":65,"b:376:21:376:41:376:41:376:Infinity":66,"b:377:22:377:43:377:43:377:Infinity":67,"b:379:20:379:39:379:39:379:Infinity":68,"s:382:6:382:Infinity":168,"s:383:6:404:Infinity":169,"f:408:16:408:39":15,"s:409:26:409:Infinity":170,"s:411:4:428:Infinity":171,"f:411:23:411:24":16,"s:412:6:427:Infinity":172,"f:419:19:419:25":17,"s:419:25:419:47":173,"f:420:21:420:33":18,"s:421:10:426:Infinity":174,"s:422:22:422:Infinity":175,"s:423:12:423:Infinity":176,"s:425:12:425:Infinity":177,"f:431:16:431:42":19,"s:432:24:432:Infinity":178,"s:434:4:478:Infinity":179,"s:435:27:435:Infinity":180,"s:436:58:440:Infinity":181,"f:437:8:437:14":20,"s:437:14:437:Infinity":182,"f:438:8:438:14":21,"s:438:14:438:Infinity":183,"f:439:8:439:14":22,"s:439:14:439:Infinity":184,"s:442:22:442:Infinity":185,"s:443:6:456:Infinity":186,"s:444:8:455:Infinity":187,"s:445:10:445:Infinity":188,"b:446:10:452:Infinity:undefined:undefined:undefined:undefined":69,"s:446:10:452:Infinity":189,"s:447:22:447:Infinity":190,"b:448:12:451:Infinity:undefined:undefined:undefined:undefined":70,"s:448:12:451:Infinity":191,"s:449:14:449:Infinity":192,"s:450:14:450:Infinity":193,"b:458:6:460:Infinity:undefined:undefined:undefined:undefined":71,"s:458:6:460:Infinity":194,"b:458:10:458:24:458:24:458:54":72,"s:459:8:459:Infinity":195,"s:463:6:466:Infinity":196,"s:468:6:472:Infinity":197,"s:469:8:469:Infinity":198,"s:474:6:474:Infinity":199,"s:476:6:476:Infinity":200,"s:477:6:477:Infinity":201,"f:481:16:481:39":23,"s:482:26:482:Infinity":202,"s:483:16:483:Infinity":203,"s:485:23:494:Infinity":204,"f:485:23:485:30":24,"b:486:6:486:Infinity:undefined:undefined:undefined:undefined":73,"s:486:6:486:Infinity":205,"s:486:14:486:Infinity":206,"s:487:6:493:Infinity":207,"s:488:8:488:Infinity":208,"s:490:22:490:Infinity":209,"b:491:8:491:Infinity:undefined:undefined:undefined:undefined":74,"s:491:8:491:Infinity":210,"s:491:31:491:Infinity":211,"s:492:8:492:Infinity":212,"s:497:26:497:Infinity":213,"b:499:4:566:Infinity:undefined:undefined:undefined:undefined":75,"s:499:4:566:Infinity":214,"s:500:40:500:Infinity":215,"s:501:6:565:Infinity":216,"s:502:8:502:Infinity":217,"s:503:60:508:Infinity":218,"f:504:10:504:16":25,"s:504:16:504:Infinity":219,"f:505:10:505:16":26,"s:505:16:505:Infinity":220,"f:506:10:506:16":27,"s:506:16:506:Infinity":221,"f:507:10:507:16":28,"s:507:16:507:Infinity":222,"s:510:24:510:Infinity":223,"s:511:8:524:Infinity":224,"s:512:10:523:Infinity":225,"s:513:12:513:Infinity":226,"b:514:12:520:Infinity:undefined:undefined:undefined:undefined":76,"s:514:12:520:Infinity":227,"b:514:16:514:32:514:32:514:61":77,"s:515:24:515:Infinity":228,"b:516:14:519:Infinity:undefined:undefined:undefined:undefined":78,"s:516:14:519:Infinity":229,"s:517:16:517:Infinity":230,"s:518:16:518:Infinity":231,"b:526:8:528:Infinity:undefined:undefined:undefined:undefined":79,"s:526:8:528:Infinity":232,"s:527:10:527:Infinity":233,"b:530:8:532:Infinity:undefined:undefined:undefined:undefined":80,"s:530:8:532:Infinity":234,"b:530:12:530:29:530:29:530:59":81,"s:531:10:531:Infinity":235,"s:534:8:541:Infinity":236,"s:535:20:535:Infinity":237,"b:536:10:538:Infinity:undefined:undefined:undefined:undefined":82,"s:536:10:538:Infinity":238,"s:537:12:537:Infinity":239,"s:540:10:540:Infinity":240,"s:543:8:547:Infinity":241,"s:549:8:553:Infinity":242,"s:550:10:550:Infinity":243,"s:555:8:555:Infinity":244,"s:557:8:557:Infinity":245,"s:559:8:563:Infinity":246,"s:560:10:560:Infinity":247,"s:564:8:564:Infinity":248,"s:569:4:580:Infinity":249,"s:570:6:574:Infinity":250,"s:576:6:576:Infinity":251,"s:578:6:578:Infinity":252,"s:579:6:579:Infinity":253,"f:583:16:583:43":29,"s:585:4:594:Infinity":254,"s:596:4:596:Infinity":255,"f:599:10:599:20":30,"s:600:15:600:Infinity":256,"s:602:17:622:Infinity":257,"s:624:4:633:Infinity":258,"b:630:54:630:58:630:58:630:61":83,"b:630:78:630:82:630:82:630:85":84}}}
,"/Users/alexiaolivei/CascadeProjects/zona21/electron/main/moveUtils.ts": {"path":"/Users/alexiaolivei/CascadeProjects/zona21/electron/main/moveUtils.ts","statementMap":{"0":{"start":{"line":5,"column":2},"end":{"line":5,"column":null}},"1":{"start":{"line":9,"column":17},"end":{"line":9,"column":null}},"2":{"start":{"line":10,"column":16},"end":{"line":10,"column":null}},"3":{"start":{"line":11,"column":2},"end":{"line":21,"column":null}},"4":{"start":{"line":12,"column":19},"end":{"line":12,"column":null}},"5":{"start":{"line":13,"column":17},"end":{"line":13,"column":null}},"6":{"start":{"line":14,"column":22},"end":{"line":14,"column":null}},"7":{"start":{"line":15,"column":4},"end":{"line":20,"column":null}},"8":{"start":{"line":16,"column":6},"end":{"line":16,"column":null}},"9":{"start":{"line":17,"column":6},"end":{"line":17,"column":null}},"10":{"start":{"line":19,"column":6},"end":{"line":19,"column":null}}},"fnMap":{"0":{"name":"normalizePathPrefix","decl":{"start":{"line":4,"column":16},"end":{"line":4,"column":36}},"loc":{"start":{"line":4,"column":63},"end":{"line":6,"column":null}},"line":4},"1":{"name":"ensureUniquePath","decl":{"start":{"line":8,"column":22},"end":{"line":8,"column":39}},"loc":{"start":{"line":8,"column":87},"end":{"line":22,"column":null}},"line":8}},"branchMap":{"0":{"loc":{"start":{"line":5,"column":16},"end":{"line":5,"column":31}},"type":"binary-expr","locations":[{"start":{"line":5,"column":16},"end":{"line":5,"column":29}},{"start":{"line":5,"column":29},"end":{"line":5,"column":31}}],"line":5},"1":{"loc":{"start":{"line":12,"column":19},"end":{"line":12,"column":null}},"type":"cond-expr","locations":[{"start":{"line":12,"column":35},"end":{"line":12,"column":40}},{"start":{"line":12,"column":40},"end":{"line":12,"column":null}}],"line":12}},"s":{"0":14,"1":16,"2":16,"3":16,"4":35,"5":35,"6":35,"7":35,"8":35,"9":19,"10":16},"f":{"0":14,"1":16},"b":{"0":[14,1],"1":[16,19]},"meta":{"lastBranch":2,"lastFunction":2,"lastStatement":11,"seen":{"f:4:16:4:36":0,"s:5:2:5:Infinity":0,"b:5:16:5:29:5:29:5:31":0,"f:8:22:8:39":1,"s:9:17:9:Infinity":1,"s:10:16:10:Infinity":2,"s:11:2:21:Infinity":3,"s:12:19:12:Infinity":4,"b:12:35:12:40:12:40:12:Infinity":1,"s:13:17:13:Infinity":5,"s:14:22:14:Infinity":6,"s:15:4:20:Infinity":7,"s:16:6:16:Infinity":8,"s:17:6:17:Infinity":9,"s:19:6:19:Infinity":10}}}
,"/Users/alexiaolivei/CascadeProjects/zona21/electron/main/volume-manager.ts": {"path":"/Users/alexiaolivei/CascadeProjects/zona21/electron/main/volume-manager.ts","statementMap":{"0":{"start":{"line":11,"column":4},"end":{"line":17,"column":null}},"1":{"start":{"line":12,"column":12},"end":{"line":12,"column":null}},"2":{"start":{"line":13,"column":16},"end":{"line":13,"column":null}},"3":{"start":{"line":14,"column":6},"end":{"line":14,"column":null}},"4":{"start":{"line":16,"column":6},"end":{"line":16,"column":null}},"5":{"start":{"line":21,"column":23},"end":{"line":21,"column":null}},"6":{"start":{"line":22,"column":17},"end":{"line":22,"column":null}},"7":{"start":{"line":23,"column":18},"end":{"line":23,"column":null}},"8":{"start":{"line":25,"column":17},"end":{"line":25,"column":null}},"9":{"start":{"line":27,"column":4},"end":{"line":41,"column":null}},"10":{"start":{"line":28,"column":6},"end":{"line":35,"column":null}},"11":{"start":{"line":36,"column":6},"end":{"line":36,"column":null}},"12":{"start":{"line":38,"column":6},"end":{"line":38,"column":null}},"13":{"start":{"line":39,"column":6},"end":{"line":39,"column":null}},"14":{"start":{"line":40,"column":6},"end":{"line":40,"column":null}},"15":{"start":{"line":45,"column":4},"end":{"line":50,"column":null}},"16":{"start":{"line":46,"column":17},"end":{"line":46,"column":null}},"17":{"start":{"line":47,"column":6},"end":{"line":47,"column":null}},"18":{"start":{"line":52,"column":4},"end":{"line":52,"column":null}},"19":{"start":{"line":56,"column":4},"end":{"line":65,"column":null}},"20":{"start":{"line":57,"column":21},"end":{"line":57,"column":null}},"21":{"start":{"line":58,"column":6},"end":{"line":58,"column":null}},"22":{"start":{"line":58,"column":19},"end":{"line":58,"column":null}},"23":{"start":{"line":59,"column":19},"end":{"line":59,"column":null}},"24":{"start":{"line":60,"column":6},"end":{"line":60,"column":null}},"25":{"start":{"line":60,"column":17},"end":{"line":60,"column":null}},"26":{"start":{"line":61,"column":6},"end":{"line":61,"column":null}},"27":{"start":{"line":62,"column":6},"end":{"line":62,"column":null}},"28":{"start":{"line":64,"column":6},"end":{"line":64,"column":null}},"29":{"start":{"line":69,"column":4},"end":{"line":114,"column":null}},"30":{"start":{"line":70,"column":21},"end":{"line":70,"column":null}},"31":{"start":{"line":71,"column":6},"end":{"line":71,"column":null}},"32":{"start":{"line":71,"column":19},"end":{"line":71,"column":null}},"33":{"start":{"line":72,"column":6},"end":{"line":72,"column":null}},"34":{"start":{"line":72,"column":41},"end":{"line":72,"column":null}},"35":{"start":{"line":73,"column":6},"end":{"line":73,"column":null}},"36":{"start":{"line":73,"column":30},"end":{"line":73,"column":null}},"37":{"start":{"line":74,"column":6},"end":{"line":74,"column":null}},"38":{"start":{"line":74,"column":38},"end":{"line":74,"column":null}},"39":{"start":{"line":76,"column":6},"end":{"line":100,"column":null}},"40":{"start":{"line":77,"column":27},"end":{"line":77,"column":null}},"41":{"start":{"line":78,"column":27},"end":{"line":78,"column":null}},"42":{"start":{"line":79,"column":8},"end":{"line":95,"column":null}},"43":{"start":{"line":80,"column":10},"end":{"line":84,"column":null}},"44":{"start":{"line":81,"column":12},"end":{"line":81,"column":null}},"45":{"start":{"line":83,"column":12},"end":{"line":83,"column":null}},"46":{"start":{"line":86,"column":26},"end":{"line":86,"column":null}},"47":{"start":{"line":88,"column":28},"end":{"line":88,"column":null}},"48":{"start":{"line":89,"column":10},"end":{"line":93,"column":null}},"49":{"start":{"line":90,"column":12},"end":{"line":90,"column":null}},"50":{"start":{"line":91,"column":10},"end":{"line":93,"column":null}},"51":{"start":{"line":92,"column":12},"end":{"line":92,"column":null}},"52":{"start":{"line":94,"column":10},"end":{"line":94,"column":null}},"53":{"start":{"line":96,"column":6},"end":{"line":100,"column":null}},"54":{"start":{"line":97,"column":8},"end":{"line":97,"column":null}},"55":{"start":{"line":99,"column":8},"end":{"line":99,"column":null}},"56":{"start":{"line":102,"column":6},"end":{"line":102,"column":null}},"57":{"start":{"line":105,"column":6},"end":{"line":110,"column":null}},"58":{"start":{"line":106,"column":19},"end":{"line":106,"column":null}},"59":{"start":{"line":107,"column":8},"end":{"line":107,"column":null}},"60":{"start":{"line":111,"column":6},"end":{"line":111,"column":null}},"61":{"start":{"line":113,"column":6},"end":{"line":113,"column":null}},"62":{"start":{"line":118,"column":4},"end":{"line":125,"column":null}},"63":{"start":{"line":119,"column":21},"end":{"line":119,"column":null}},"64":{"start":{"line":120,"column":6},"end":{"line":120,"column":null}},"65":{"start":{"line":120,"column":19},"end":{"line":120,"column":null}},"66":{"start":{"line":121,"column":6},"end":{"line":121,"column":null}},"67":{"start":{"line":122,"column":6},"end":{"line":122,"column":null}},"68":{"start":{"line":124,"column":6},"end":{"line":124,"column":null}},"69":{"start":{"line":129,"column":15},"end":{"line":129,"column":null}},"70":{"start":{"line":130,"column":17},"end":{"line":130,"column":null}},"71":{"start":{"line":131,"column":17},"end":{"line":131,"column":null}},"72":{"start":{"line":135,"column":4},"end":{"line":155,"column":null}},"73":{"start":{"line":136,"column":25},"end":{"line":136,"column":null}},"74":{"start":{"line":137,"column":21},"end":{"line":137,"column":null}},"75":{"start":{"line":138,"column":6},"end":{"line":154,"column":null}},"76":{"start":{"line":139,"column":8},"end":{"line":153,"column":null}},"77":{"start":{"line":140,"column":10},"end":{"line":140,"column":null}},"78":{"start":{"line":141,"column":10},"end":{"line":141,"column":null}},"79":{"start":{"line":142,"column":10},"end":{"line":142,"column":null}},"80":{"start":{"line":145,"column":10},"end":{"line":149,"column":null}},"81":{"start":{"line":146,"column":12},"end":{"line":146,"column":null}},"82":{"start":{"line":151,"column":10},"end":{"line":151,"column":null}},"83":{"start":{"line":152,"column":10},"end":{"line":152,"column":null}},"84":{"start":{"line":157,"column":4},"end":{"line":164,"column":null}},"85":{"start":{"line":157,"column":30},"end":{"line":164,"column":6}},"86":{"start":{"line":168,"column":4},"end":{"line":176,"column":null}},"87":{"start":{"line":169,"column":20},"end":{"line":169,"column":null}},"88":{"start":{"line":170,"column":6},"end":{"line":172,"column":null}},"89":{"start":{"line":171,"column":8},"end":{"line":171,"column":null}},"90":{"start":{"line":173,"column":6},"end":{"line":173,"column":null}},"91":{"start":{"line":174,"column":4},"end":{"line":176,"column":null}},"92":{"start":{"line":175,"column":6},"end":{"line":175,"column":null}},"93":{"start":{"line":177,"column":4},"end":{"line":177,"column":null}},"94":{"start":{"line":181,"column":4},"end":{"line":193,"column":null}},"95":{"start":{"line":182,"column":6},"end":{"line":190,"column":null}},"96":{"start":{"line":183,"column":14},"end":{"line":183,"column":null}},"97":{"start":{"line":184,"column":22},"end":{"line":184,"column":null}},"98":{"start":{"line":185,"column":8},"end":{"line":185,"column":null}},"99":{"start":{"line":186,"column":6},"end":{"line":190,"column":null}},"100":{"start":{"line":187,"column":14},"end":{"line":187,"column":null}},"101":{"start":{"line":188,"column":22},"end":{"line":188,"column":null}},"102":{"start":{"line":189,"column":8},"end":{"line":189,"column":null}},"103":{"start":{"line":192,"column":6},"end":{"line":192,"column":null}},"104":{"start":{"line":194,"column":4},"end":{"line":194,"column":null}},"105":{"start":{"line":198,"column":19},"end":{"line":198,"column":null}},"106":{"start":{"line":199,"column":4},"end":{"line":199,"column":null}},"107":{"start":{"line":203,"column":4},"end":{"line":205,"column":null}},"108":{"start":{"line":204,"column":6},"end":{"line":204,"column":null}},"109":{"start":{"line":206,"column":4},"end":{"line":208,"column":null}},"110":{"start":{"line":207,"column":6},"end":{"line":207,"column":null}},"111":{"start":{"line":209,"column":4},"end":{"line":209,"column":null}},"112":{"start":{"line":213,"column":15},"end":{"line":213,"column":null}},"113":{"start":{"line":214,"column":17},"end":{"line":214,"column":null}},"114":{"start":{"line":215,"column":16},"end":{"line":215,"column":null}},"115":{"start":{"line":217,"column":4},"end":{"line":217,"column":null}},"116":{"start":{"line":217,"column":14},"end":{"line":217,"column":null}},"117":{"start":{"line":219,"column":4},"end":{"line":226,"column":null}},"118":{"start":{"line":230,"column":15},"end":{"line":230,"column":null}},"119":{"start":{"line":231,"column":17},"end":{"line":234,"column":null}},"120":{"start":{"line":236,"column":4},"end":{"line":243,"column":null}},"121":{"start":{"line":247,"column":15},"end":{"line":247,"column":null}},"122":{"start":{"line":248,"column":19},"end":{"line":248,"column":null}},"123":{"start":{"line":249,"column":19},"end":{"line":249,"column":null}},"124":{"start":{"line":251,"column":4},"end":{"line":254,"column":null}},"125":{"start":{"line":252,"column":6},"end":{"line":252,"column":null}},"126":{"start":{"line":253,"column":6},"end":{"line":253,"column":null}},"127":{"start":{"line":256,"column":4},"end":{"line":259,"column":null}},"128":{"start":{"line":257,"column":6},"end":{"line":257,"column":null}},"129":{"start":{"line":258,"column":6},"end":{"line":258,"column":null}},"130":{"start":{"line":260,"column":4},"end":{"line":263,"column":null}},"131":{"start":{"line":261,"column":6},"end":{"line":261,"column":null}},"132":{"start":{"line":262,"column":6},"end":{"line":262,"column":null}},"133":{"start":{"line":264,"column":4},"end":{"line":267,"column":null}},"134":{"start":{"line":265,"column":6},"end":{"line":265,"column":null}},"135":{"start":{"line":266,"column":6},"end":{"line":266,"column":null}},"136":{"start":{"line":269,"column":4},"end":{"line":272,"column":null}},"137":{"start":{"line":270,"column":6},"end":{"line":270,"column":null}},"138":{"start":{"line":271,"column":6},"end":{"line":271,"column":null}},"139":{"start":{"line":274,"column":4},"end":{"line":274,"column":null}},"140":{"start":{"line":274,"column":29},"end":{"line":274,"column":null}},"141":{"start":{"line":276,"column":4},"end":{"line":276,"column":null}},"142":{"start":{"line":277,"column":18},"end":{"line":277,"column":null}},"143":{"start":{"line":279,"column":17},"end":{"line":279,"column":null}},"144":{"start":{"line":280,"column":4},"end":{"line":280,"column":null}}},"fnMap":{"0":{"name":"(anonymous_0)","decl":{"start":{"line":10,"column":10},"end":{"line":10,"column":34}},"loc":{"start":{"line":10,"column":69},"end":{"line":18,"column":null}},"line":10},"1":{"name":"(anonymous_1)","decl":{"start":{"line":20,"column":2},"end":{"line":20,"column":19}},"loc":{"start":{"line":20,"column":45},"end":{"line":53,"column":null}},"line":20},"2":{"name":"(anonymous_2)","decl":{"start":{"line":55,"column":2},"end":{"line":55,"column":15}},"loc":{"start":{"line":55,"column":82},"end":{"line":66,"column":null}},"line":55},"3":{"name":"(anonymous_3)","decl":{"start":{"line":68,"column":2},"end":{"line":68,"column":14}},"loc":{"start":{"line":68,"column":66},"end":{"line":115,"column":null}},"line":68},"4":{"name":"(anonymous_4)","decl":{"start":{"line":117,"column":2},"end":{"line":117,"column":13}},"loc":{"start":{"line":117,"column":65},"end":{"line":126,"column":null}},"line":117},"5":{"name":"(anonymous_5)","decl":{"start":{"line":128,"column":2},"end":{"line":128,"column":28}},"loc":{"start":{"line":128,"column":28},"end":{"line":165,"column":null}},"line":128},"6":{"name":"(anonymous_6)","decl":{"start":{"line":157,"column":20},"end":{"line":157,"column":21}},"loc":{"start":{"line":157,"column":30},"end":{"line":164,"column":6}},"line":157},"7":{"name":"(anonymous_7)","decl":{"start":{"line":167,"column":10},"end":{"line":167,"column":24}},"loc":{"start":{"line":167,"column":50},"end":{"line":178,"column":null}},"line":167},"8":{"name":"(anonymous_8)","decl":{"start":{"line":180,"column":10},"end":{"line":180,"column":24}},"loc":{"start":{"line":180,"column":52},"end":{"line":195,"column":null}},"line":180},"9":{"name":"(anonymous_9)","decl":{"start":{"line":197,"column":10},"end":{"line":197,"column":31}},"loc":{"start":{"line":197,"column":59},"end":{"line":200,"column":null}},"line":197},"10":{"name":"(anonymous_10)","decl":{"start":{"line":202,"column":10},"end":{"line":202,"column":24}},"loc":{"start":{"line":202,"column":78},"end":{"line":210,"column":null}},"line":202},"11":{"name":"(anonymous_11)","decl":{"start":{"line":212,"column":10},"end":{"line":212,"column":26}},"loc":{"start":{"line":212,"column":55},"end":{"line":227,"column":null}},"line":212},"12":{"name":"(anonymous_12)","decl":{"start":{"line":229,"column":10},"end":{"line":229,"column":21}},"loc":{"start":{"line":229,"column":37},"end":{"line":244,"column":null}},"line":229},"13":{"name":"(anonymous_13)","decl":{"start":{"line":246,"column":10},"end":{"line":246,"column":23}},"loc":{"start":{"line":246,"column":60},"end":{"line":281,"column":null}},"line":246}},"branchMap":{"0":{"loc":{"start":{"line":14,"column":13},"end":{"line":14,"column":null}},"type":"cond-expr","locations":[{"start":{"line":14,"column":22},"end":{"line":14,"column":44}},{"start":{"line":14,"column":44},"end":{"line":14,"column":null}}],"line":14},"1":{"loc":{"start":{"line":27,"column":4},"end":{"line":41,"column":null}},"type":"if","locations":[{"start":{"line":27,"column":4},"end":{"line":41,"column":null}},{"start":{"line":37,"column":11},"end":{"line":41,"column":null}}],"line":27},"2":{"loc":{"start":{"line":58,"column":6},"end":{"line":58,"column":null}},"type":"if","locations":[{"start":{"line":58,"column":6},"end":{"line":58,"column":null}},{"start":{},"end":{}}],"line":58},"3":{"loc":{"start":{"line":59,"column":26},"end":{"line":59,"column":37}},"type":"binary-expr","locations":[{"start":{"line":59,"column":26},"end":{"line":59,"column":35}},{"start":{"line":59,"column":35},"end":{"line":59,"column":37}}],"line":59},"4":{"loc":{"start":{"line":60,"column":6},"end":{"line":60,"column":null}},"type":"if","locations":[{"start":{"line":60,"column":6},"end":{"line":60,"column":null}},{"start":{},"end":{}}],"line":60},"5":{"loc":{"start":{"line":71,"column":6},"end":{"line":71,"column":null}},"type":"if","locations":[{"start":{"line":71,"column":6},"end":{"line":71,"column":null}},{"start":{},"end":{}}],"line":71},"6":{"loc":{"start":{"line":72,"column":6},"end":{"line":72,"column":null}},"type":"if","locations":[{"start":{"line":72,"column":6},"end":{"line":72,"column":null}},{"start":{},"end":{}}],"line":72},"7":{"loc":{"start":{"line":73,"column":6},"end":{"line":73,"column":null}},"type":"if","locations":[{"start":{"line":73,"column":6},"end":{"line":73,"column":null}},{"start":{},"end":{}}],"line":73},"8":{"loc":{"start":{"line":74,"column":6},"end":{"line":74,"column":null}},"type":"if","locations":[{"start":{"line":74,"column":6},"end":{"line":74,"column":null}},{"start":{},"end":{}}],"line":74},"9":{"loc":{"start":{"line":76,"column":6},"end":{"line":100,"column":null}},"type":"if","locations":[{"start":{"line":76,"column":6},"end":{"line":100,"column":null}},{"start":{"line":96,"column":6},"end":{"line":100,"column":null}}],"line":76},"10":{"loc":{"start":{"line":80,"column":10},"end":{"line":84,"column":null}},"type":"if","locations":[{"start":{"line":80,"column":10},"end":{"line":84,"column":null}},{"start":{"line":82,"column":17},"end":{"line":84,"column":null}}],"line":80},"11":{"loc":{"start":{"line":86,"column":26},"end":{"line":86,"column":null}},"type":"cond-expr","locations":[{"start":{"line":86,"column":50},"end":{"line":86,"column":83}},{"start":{"line":86,"column":83},"end":{"line":86,"column":null}}],"line":86},"12":{"loc":{"start":{"line":89,"column":10},"end":{"line":93,"column":null}},"type":"if","locations":[{"start":{"line":89,"column":10},"end":{"line":93,"column":null}},{"start":{"line":91,"column":10},"end":{"line":93,"column":null}}],"line":89},"13":{"loc":{"start":{"line":89,"column":14},"end":{"line":89,"column":86}},"type":"binary-expr","locations":[{"start":{"line":89,"column":14},"end":{"line":89,"column":59}},{"start":{"line":89,"column":59},"end":{"line":89,"column":86}}],"line":89},"14":{"loc":{"start":{"line":91,"column":10},"end":{"line":93,"column":null}},"type":"if","locations":[{"start":{"line":91,"column":10},"end":{"line":93,"column":null}},{"start":{},"end":{}}],"line":91},"15":{"loc":{"start":{"line":96,"column":6},"end":{"line":100,"column":null}},"type":"if","locations":[{"start":{"line":96,"column":6},"end":{"line":100,"column":null}},{"start":{"line":98,"column":13},"end":{"line":100,"column":null}}],"line":96},"16":{"loc":{"start":{"line":120,"column":6},"end":{"line":120,"column":null}},"type":"if","locations":[{"start":{"line":120,"column":6},"end":{"line":120,"column":null}},{"start":{},"end":{}}],"line":120},"17":{"loc":{"start":{"line":138,"column":6},"end":{"line":154,"column":null}},"type":"if","locations":[{"start":{"line":138,"column":6},"end":{"line":154,"column":null}},{"start":{},"end":{}}],"line":138},"18":{"loc":{"start":{"line":138,"column":10},"end":{"line":138,"column":78}},"type":"binary-expr","locations":[{"start":{"line":138,"column":10},"end":{"line":138,"column":36}},{"start":{"line":138,"column":36},"end":{"line":138,"column":50}},{"start":{"l
[...]
76:Infinity:174:4:176:Infinity":19,"s:168:4:176:Infinity":86,"s:169:20:169:Infinity":87,"b:170:6:172:Infinity:undefined:undefined:undefined:undefined":20,"s:170:6:172:Infinity":88,"s:171:8:171:Infinity":89,"s:173:6:173:Infinity":90,"b:174:4:176:Infinity:undefined:undefined:undefined:undefined":21,"s:174:4:176:Infinity":91,"s:175:6:175:Infinity":92,"s:177:4:177:Infinity":93,"f:180:10:180:24":8,"s:181:4:193:Infinity":94,"b:182:6:190:Infinity:186:6:190:Infinity":22,"s:182:6:190:Infinity":95,"s:183:14:183:Infinity":96,"s:184:22:184:Infinity":97,"s:185:8:185:Infinity":98,"b:185:23:185:34:185:34:185:Infinity":23,"b:186:6:190:Infinity:undefined:undefined:undefined:undefined":24,"s:186:6:190:Infinity":99,"s:187:14:187:Infinity":100,"s:188:22:188:Infinity":101,"s:189:8:189:Infinity":102,"b:189:23:189:34:189:34:189:Infinity":25,"s:192:6:192:Infinity":103,"s:194:4:194:Infinity":104,"f:197:10:197:31":9,"s:198:19:198:Infinity":105,"s:199:4:199:Infinity":106,"f:202:10:202:24":10,"b:203:4:205:Infinity:undefined:undefined:undefined:undefined":26,"s:203:4:205:Infinity":107,"b:203:8:203:42:203:42:203:73":27,"s:204:6:204:Infinity":108,"b:206:4:208:Infinity:undefined:undefined:undefined:undefined":28,"s:206:4:208:Infinity":109,"b:206:8:206:39:206:39:206:72":29,"s:207:6:207:Infinity":110,"s:209:4:209:Infinity":111,"f:212:10:212:26":11,"s:213:15:213:Infinity":112,"s:214:17:214:Infinity":113,"s:215:16:215:Infinity":114,"b:217:4:217:Infinity:undefined:undefined:undefined:undefined":30,"s:217:4:217:Infinity":115,"s:217:14:217:Infinity":116,"s:219:4:226:Infinity":117,"f:229:10:229:21":12,"s:230:15:230:Infinity":118,"s:231:17:234:Infinity":119,"s:236:4:243:Infinity":120,"f:246:10:246:23":13,"s:247:15:247:Infinity":121,"s:248:19:248:Infinity":122,"s:249:19:249:Infinity":123,"b:251:4:254:Infinity:undefined:undefined:undefined:undefined":31,"s:251:4:254:Infinity":124,"s:252:6:252:Infinity":125,"s:253:6:253:Infinity":126,"b:256:4:259:Infinity:undefined:undefined:undefined:undefined":32,"s:256:4:259:Infinity":127,"s:257:6:257:Infinity":128,"s:258:6:258:Infinity":129,"b:260:4:263:Infinity:undefined:undefined:undefined:undefined":33,"s:260:4:263:Infinity":130,"s:261:6:261:Infinity":131,"s:262:6:262:Infinity":132,"b:264:4:267:Infinity:undefined:undefined:undefined:undefined":34,"s:264:4:267:Infinity":133,"s:265:6:265:Infinity":134,"s:266:6:266:Infinity":135,"b:269:4:272:Infinity:undefined:undefined:undefined:undefined":35,"s:269:4:272:Infinity":136,"s:270:6:270:Infinity":137,"s:271:6:271:Infinity":138,"b:271:35:271:39:271:39:271:40":36,"b:274:4:274:Infinity:undefined:undefined:undefined:undefined":37,"s:274:4:274:Infinity":139,"s:274:29:274:Infinity":140,"s:276:4:276:Infinity":141,"s:277:18:277:Infinity":142,"s:279:17:279:Infinity":143,"s:280:4:280:Infinity":144}}}
,"/Users/alexiaolivei/CascadeProjects/zona21/electron/test/helpers/fixtures.ts": {"path":"/Users/alexiaolivei/CascadeProjects/zona21/electron/test/helpers/fixtures.ts","statementMap":{"0":{"start":{"line":13,"column":35},"end":{"line":13,"column":null}},"1":{"start":{"line":16,"column":4},"end":{"line":16,"column":null}},"2":{"start":{"line":17,"column":4},"end":{"line":17,"column":null}},"3":{"start":{"line":21,"column":4},"end":{"line":23,"column":null}},"4":{"start":{"line":22,"column":6},"end":{"line":22,"column":null}},"5":{"start":{"line":25,"column":10},"end":{"line":25,"column":null}},"6":{"start":{"line":26,"column":16},"end":{"line":26,"column":null}},"7":{"start":{"line":28,"column":4},"end":{"line":30,"column":null}},"8":{"start":{"line":29,"column":6},"end":{"line":29,"column":null}},"9":{"start":{"line":32,"column":4},"end":{"line":32,"column":null}},"10":{"start":{"line":34,"column":4},"end":{"line":39,"column":null}},"11":{"start":{"line":43,"column":4},"end":{"line":45,"column":null}},"12":{"start":{"line":44,"column":6},"end":{"line":44,"column":null}},"13":{"start":{"line":47,"column":10},"end":{"line":47,"column":null}},"14":{"start":{"line":48,"column":4},"end":{"line":48,"column":null}},"15":{"start":{"line":49,"column":4},"end":{"line":49,"column":null}},"16":{"start":{"line":53,"column":4},"end":{"line":55,"column":null}},"17":{"start":{"line":54,"column":6},"end":{"line":54,"column":null}},"18":{"start":{"line":56,"column":4},"end":{"line":56,"column":null}},"19":{"start":{"line":60,"column":4},"end":{"line":64,"column":null}},"20":{"start":{"line":61,"column":25},"end":{"line":61,"column":null}},"21":{"start":{"line":62,"column":6},"end":{"line":62,"column":null}},"22":{"start":{"line":63,"column":6},"end":{"line":63,"column":null}},"23":{"start":{"line":69,"column":2},"end":{"line":69,"column":null}}},"fnMap":{"0":{"name":"(anonymous_0)","decl":{"start":{"line":15,"column":2},"end":{"line":15,"column":19}},"loc":{"start":{"line":15,"column":19},"end":{"line":18,"column":null}},"line":15},"1":{"name":"(anonymous_1)","decl":{"start":{"line":20,"column":2},"end":{"line":20,"column":13}},"loc":{"start":{"line":20,"column":86},"end":{"line":40,"column":null}},"line":20},"2":{"name":"(anonymous_2)","decl":{"start":{"line":42,"column":2},"end":{"line":42,"column":18}},"loc":{"start":{"line":42,"column":48},"end":{"line":50,"column":null}},"line":42},"3":{"name":"(anonymous_3)","decl":{"start":{"line":52,"column":2},"end":{"line":52,"column":20}},"loc":{"start":{"line":52,"column":20},"end":{"line":57,"column":null}},"line":52},"4":{"name":"(anonymous_4)","decl":{"start":{"line":59,"column":2},"end":{"line":59,"column":18}},"loc":{"start":{"line":59,"column":18},"end":{"line":65,"column":null}},"line":59},"5":{"name":"createTestFileSystem","decl":{"start":{"line":68,"column":16},"end":{"line":68,"column":55}},"loc":{"start":{"line":68,"column":55},"end":{"line":70,"column":null}},"line":68}},"branchMap":{"0":{"loc":{"start":{"line":20,"column":35},"end":{"line":20,"column":86}},"type":"default-arg","locations":[{"start":{"line":20,"column":53},"end":{"line":20,"column":86}}],"line":20},"1":{"loc":{"start":{"line":21,"column":4},"end":{"line":23,"column":null}},"type":"if","locations":[{"start":{"line":21,"column":4},"end":{"line":23,"column":null}},{"start":{},"end":{}}],"line":21},"2":{"loc":{"start":{"line":28,"column":4},"end":{"line":30,"column":null}},"type":"if","locations":[{"start":{"line":28,"column":4},"end":{"line":30,"column":null}},{"start":{},"end":{}}],"line":28},"3":{"loc":{"start":{"line":36,"column":12},"end":{"line":36,"column":null}},"type":"binary-expr","locations":[{"start":{"line":36,"column":12},"end":{"line":36,"column":45}},{"start":{"line":36,"column":45},"end":{"line":36,"column":null}}],"line":36},"4":{"loc":{"start":{"line":43,"column":4},"end":{"line":45,"column":null}},"type":"if","locations":[{"start":{"line":43,"column":4},"end":{"line":45,"column":null}},{"start":{},"end":{}}],"line":43},"5":{"loc":{"start":{"line":53,"column":4},"end":{"line":55,"column":null}},"type":"if","locations":[{"start":{"line":53,"column":4},"end":{"line":55,"column":null}},{"start":{},"end":{}}],"line":53},"6":{"loc":{"start":{"line":60,"column":4},"end":{"line":64,"column":null}},"type":"if","locations":[{"start":{"line":60,"column":4},"end":{"line":64,"column":null}},{"start":{},"end":{}}],"line":60}},"s":{"0":16,"1":16,"2":16,"3":140,"4":0,"5":140,"6":140,"7":140,"8":3,"9":140,"10":140,"11":13,"12":0,"13":13,"14":13,"15":13,"16":14,"17":0,"18":14,"19":16,"20":16,"21":16,"22":16,"23":16},"f":{"0":16,"1":140,"2":13,"3":14,"4":16,"5":16},"b":{"0":[140],"1":[0,140],"2":[3,137],"3":[140,0],"4":[0,13],"5":[0,14],"6":[16,0]},"meta":{"lastBranch":7,"lastFunction":6,"lastStatement":24,"seen":{"s:13:35:13:Infinity":0,"f:15:2:15:19":0,"s:16:4:16:Infinity":1,"s:17:4:17:Infinity":2,"f:20:2:20:13":1,"b:20:53:20:86":0,"b:21:4:23:Infinity:undefined:undefined:undefined:undefined":1,"s:21:4:23:Infinity":3,"s:22:6:22:Infinity":4,"s:25:10:25:Infinity":5,"s:26:16:26:Infinity":6,"b:28:4:30:Infinity:undefined:undefined:undefined:undefined":2,"s:28:4:30:Infinity":7,"s:29:6:29:Infinity":8,"s:32:4:32:Infinity":9,"s:34:4:39:Infinity":10,"b:36:12:36:45:36:45:36:Infinity":3,"f:42:2:42:18":2,"b:43:4:45:Infinity:undefined:undefined:undefined:undefined":4,"s:43:4:45:Infinity":11,"s:44:6:44:Infinity":12,"s:47:10:47:Infinity":13,"s:48:4:48:Infinity":14,"s:49:4:49:Infinity":15,"f:52:2:52:20":3,"b:53:4:55:Infinity:undefined:undefined:undefined:undefined":5,"s:53:4:55:Infinity":16,"s:54:6:54:Infinity":17,"s:56:4:56:Infinity":18,"f:59:2:59:18":4,"b:60:4:64:Infinity:undefined:undefined:undefined:undefined":6,"s:60:4:64:Infinity":19,"s:61:25:61:Infinity":20,"s:62:6:62:Infinity":21,"s:63:6:63:Infinity":22,"f:68:16:68:55":5,"s:69:2:69:Infinity":23}}}
,"/Users/alexiaolivei/CascadeProjects/zona21/electron/test/helpers/test-db.ts": {"path":"/Users/alexiaolivei/CascadeProjects/zona21/electron/test/helpers/test-db.ts","statementMap":{"0":{"start":{"line":7,"column":35},"end":{"line":7,"column":null}},"1":{"start":{"line":8,"column":40},"end":{"line":8,"column":null}},"2":{"start":{"line":11,"column":4},"end":{"line":11,"column":null}},"3":{"start":{"line":12,"column":10},"end":{"line":12,"column":null}},"4":{"start":{"line":13,"column":4},"end":{"line":13,"column":null}},"5":{"start":{"line":14,"column":4},"end":{"line":14,"column":null}},"6":{"start":{"line":18,"column":4},"end":{"line":21,"column":null}},"7":{"start":{"line":19,"column":6},"end":{"line":19,"column":null}},"8":{"start":{"line":20,"column":6},"end":{"line":20,"column":null}},"9":{"start":{"line":22,"column":4},"end":{"line":25,"column":null}},"10":{"start":{"line":23,"column":6},"end":{"line":23,"column":null}},"11":{"start":{"line":24,"column":6},"end":{"line":24,"column":null}},"12":{"start":{"line":30,"column":2},"end":{"line":30,"column":null}}},"fnMap":{"0":{"name":"(anonymous_0)","decl":{"start":{"line":10,"column":8},"end":{"line":10,"column":45}},"loc":{"start":{"line":10,"column":45},"end":{"line":15,"column":null}},"line":10},"1":{"name":"(anonymous_1)","decl":{"start":{"line":17,"column":8},"end":{"line":17,"column":33}},"loc":{"start":{"line":17,"column":33},"end":{"line":26,"column":null}},"line":17},"2":{"name":"createTestDb","decl":{"start":{"line":29,"column":16},"end":{"line":29,"column":45}},"loc":{"start":{"line":29,"column":45},"end":{"line":31,"column":null}},"line":29}},"branchMap":{"0":{"loc":{"start":{"line":18,"column":4},"end":{"line":21,"column":null}},"type":"if","locations":[{"start":{"line":18,"column":4},"end":{"line":21,"column":null}},{"start":{},"end":{}}],"line":18},"1":{"loc":{"start":{"line":22,"column":4},"end":{"line":25,"column":null}},"type":"if","locations":[{"start":{"line":22,"column":4},"end":{"line":25,"column":null}},{"start":{},"end":{}}],"line":22}},"s":{"0":12,"1":12,"2":12,"3":12,"4":12,"5":12,"6":12,"7":12,"8":12,"9":12,"10":12,"11":12,"12":12},"f":{"0":12,"1":12,"2":12},"b":{"0":[12,0],"1":[12,0]},"meta":{"lastBranch":2,"lastFunction":3,"lastStatement":13,"seen":{"s:7:35:7:Infinity":0,"s:8:40:8:Infinity":1,"f:10:8:10:45":0,"s:11:4:11:Infinity":2,"s:12:10:12:Infinity":3,"s:13:4:13:Infinity":4,"s:14:4:14:Infinity":5,"f:17:8:17:33":1,"b:18:4:21:Infinity:undefined:undefined:undefined:undefined":0,"s:18:4:21:Infinity":6,"s:19:6:19:Infinity":7,"s:20:6:20:Infinity":8,"b:22:4:25:Infinity:undefined:undefined:undefined:undefined":1,"s:22:4:25:Infinity":9,"s:23:6:23:Infinity":10,"s:24:6:24:Infinity":11,"f:29:16:29:45":2,"s:30:2:30:Infinity":12}}}
,"/Users/alexiaolivei/CascadeProjects/zona21/src/shared/ipcInvoke.ts": {"path":"/Users/alexiaolivei/CascadeProjects/zona21/src/shared/ipcInvoke.ts","statementMap":{"0":{"start":{"line":6,"column":2},"end":{"line":11,"column":null}},"1":{"start":{"line":7,"column":4},"end":{"line":7,"column":null}},"2":{"start":{"line":9,"column":4},"end":{"line":9,"column":null}},"3":{"start":{"line":10,"column":4},"end":{"line":10,"column":null}}},"fnMap":{"0":{"name":"ipcInvoke","decl":{"start":{"line":5,"column":22},"end":{"line":5,"column":35}},"loc":{"start":{"line":5,"column":89},"end":{"line":12,"column":null}},"line":5}},"branchMap":{},"s":{"0":2,"1":2,"2":1,"3":1},"f":{"0":2},"b":{},"meta":{"lastBranch":0,"lastFunction":1,"lastStatement":4,"seen":{"f:5:22:5:35":0,"s:6:2:11:Infinity":0,"s:7:4:7:Infinity":1,"s:9:4:9:Infinity":2,"s:10:4:10:Infinity":3}}}
,"/Users/alexiaolivei/CascadeProjects/zona21/src/shared/logger.ts": {"path":"/Users/alexiaolivei/CascadeProjects/zona21/src/shared/logger.ts","statementMap":{"0":{"start":{"line":11,"column":45},"end":{"line":16,"column":null}},"1":{"start":{"line":19,"column":15},"end":{"line":19,"column":null}},"2":{"start":{"line":20,"column":12},"end":{"line":20,"column":null}},"3":{"start":{"line":21,"column":2},"end":{"line":21,"column":null}},"4":{"start":{"line":21,"column":70},"end":{"line":21,"column":null}},"5":{"start":{"line":22,"column":2},"end":{"line":22,"column":null}},"6":{"start":{"line":26,"column":14},"end":{"line":26,"column":null}},"7":{"start":{"line":27,"column":2},"end":{"line":27,"column":null}},"8":{"start":{"line":31,"column":2},"end":{"line":31,"column":null}},"9":{"start":{"line":31,"column":25},"end":{"line":31,"column":null}},"10":{"start":{"line":32,"column":24},"end":{"line":38,"column":null}},"11":{"start":{"line":40,"column":17},"end":{"line":40,"column":null}},"12":{"start":{"line":41,"column":2},"end":{"line":49,"column":null}},"13":{"start":{"line":42,"column":4},"end":{"line":42,"column":null}},"14":{"start":{"line":43,"column":2},"end":{"line":49,"column":null}},"15":{"start":{"line":44,"column":4},"end":{"line":44,"column":null}},"16":{"start":{"line":45,"column":2},"end":{"line":49,"column":null}},"17":{"start":{"line":46,"column":4},"end":{"line":46,"column":null}},"18":{"start":{"line":48,"column":4},"end":{"line":48,"column":null}},"19":{"start":{"line":52,"column":22},"end":{"line":57,"column":null}},"20":{"start":{"line":53,"column":61},"end":{"line":53,"column":null}},"21":{"start":{"line":54,"column":60},"end":{"line":54,"column":null}},"22":{"start":{"line":55,"column":60},"end":{"line":55,"column":null}},"23":{"start":{"line":56,"column":61},"end":{"line":56,"column":null}}},"fnMap":{"0":{"name":"getMinLevel","decl":{"start":{"line":18,"column":9},"end":{"line":18,"column":33}},"loc":{"start":{"line":18,"column":33},"end":{"line":23,"column":null}},"line":18},"1":{"name":"shouldLog","decl":{"start":{"line":25,"column":9},"end":{"line":25,"column":19}},"loc":{"start":{"line":25,"column":45},"end":{"line":28,"column":null}},"line":25},"2":{"name":"log","decl":{"start":{"line":30,"column":16},"end":{"line":30,"column":20}},"loc":{"start":{"line":30,"column":85},"end":{"line":50,"column":null}},"line":30},"3":{"name":"(anonymous_3)","decl":{"start":{"line":53,"column":9},"end":{"line":53,"column":10}},"loc":{"start":{"line":53,"column":61},"end":{"line":53,"column":null}},"line":53},"4":{"name":"(anonymous_4)","decl":{"start":{"line":54,"column":8},"end":{"line":54,"column":9}},"loc":{"start":{"line":54,"column":60},"end":{"line":54,"column":null}},"line":54},"5":{"name":"(anonymous_5)","decl":{"start":{"line":55,"column":8},"end":{"line":55,"column":9}},"loc":{"start":{"line":55,"column":60},"end":{"line":55,"column":null}},"line":55},"6":{"name":"(anonymous_6)","decl":{"start":{"line":56,"column":9},"end":{"line":56,"column":10}},"loc":{"start":{"line":56,"column":61},"end":{"line":56,"column":null}},"line":56}},"branchMap":{"0":{"loc":{"start":{"line":20,"column":12},"end":{"line":20,"column":null}},"type":"cond-expr","locations":[{"start":{"line":20,"column":38},"end":{"line":20,"column":58}},{"start":{"line":20,"column":58},"end":{"line":20,"column":null}}],"line":20},"1":{"loc":{"start":{"line":21,"column":2},"end":{"line":21,"column":null}},"type":"if","locations":[{"start":{"line":21,"column":2},"end":{"line":21,"column":null}},{"start":{},"end":{}}],"line":21},"2":{"loc":{"start":{"line":21,"column":6},"end":{"line":21,"column":70}},"type":"binary-expr","locations":[{"start":{"line":21,"column":6},"end":{"line":21,"column":23}},{"start":{"line":21,"column":23},"end":{"line":21,"column":39}},{"start":{"line":21,"column":39},"end":{"line":21,"column":55}},{"start":{"line":21,"column":55},"end":{"line":21,"column":70}}],"line":21},"3":{"loc":{"start":{"line":31,"column":2},"end":{"line":31,"column":null}},"type":"if","locations":[{"start":{"line":31,"column":2},"end":{"line":31,"column":null}},{"start":{},"end":{}}],"line":31},"4":{"loc":{"start":{"line":37,"column":8},"end":{"line":37,"column":null}},"type":"cond-expr","locations":[{"start":{"line":37,"column":29},"end":{"line":37,"column":34}},{"start":{"line":37,"column":34},"end":{"line":37,"column":null}}],"line":37},"5":{"loc":{"start":{"line":41,"column":2},"end":{"line":49,"column":null}},"type":"if","locations":[{"start":{"line":41,"column":2},"end":{"line":49,"column":null}},{"start":{"line":43,"column":2},"end":{"line":49,"column":null}}],"line":41},"6":{"loc":{"start":{"line":42,"column":39},"end":{"line":42,"column":53}},"type":"binary-expr","locations":[{"start":{"line":42,"column":39},"end":{"line":42,"column":51}},{"start":{"line":42,"column":51},"end":{"line":42,"column":53}}],"line":42},"7":{"loc":{"start":{"line":43,"column":2},"end":{"line":49,"column":null}},"type":"if","locations":[{"start":{"line":43,"column":2},"end":{"line":49,"column":null}},{"start":{"line":45,"column":2},"end":{"line":49,"column":null}}],"line":43},"8":{"loc":{"start":{"line":44,"column":38},"end":{"line":44,"column":52}},"type":"binary-expr","locations":[{"start":{"line":44,"column":38},"end":{"line":44,"column":50}},{"start":{"line":44,"column":50},"end":{"line":44,"column":52}}],"line":44},"9":{"loc":{"start":{"line":45,"column":2},"end":{"line":49,"column":null}},"type":"if","locations":[{"start":{"line":45,"column":2},"end":{"line":49,"column":null}},{"start":{"line":47,"column":9},"end":{"line":49,"column":null}}],"line":45},"10":{"loc":{"start":{"line":46,"column":39},"end":{"line":46,"column":53}},"type":"binary-expr","locations":[{"start":{"line":46,"column":39},"end":{"line":46,"column":51}},{"start":{"line":46,"column":51},"end":{"line":46,"column":53}}],"line":46},"11":{"loc":{"start":{"line":48,"column":37},"end":{"line":48,"column":51}},"type":"binary-expr","locations":[{"start":{"line":48,"column":37},"end":{"line":48,"column":49}},{"start":{"line":48,"column":49},"end":{"line":48,"column":51}}],"line":48}},"s":{"0":2,"1":23,"2":23,"3":23,"4":0,"5":23,"6":23,"7":23,"8":23,"9":2,"10":21,"11":23,"12":23,"13":3,"14":18,"15":2,"16":16,"17":0,"18":16,"19":2,"20":2,"21":15,"22":2,"23":3},"f":{"0":23,"1":23,"2":23,"3":2,"4":15,"5":2,"6":3},"b":{"0":[0,23],"1":[0,23],"2":[23,23,23,23],"3":[2,21],"4":[17,4],"5":[3,18],"6":[3,2],"7":[2,16],"8":[2,2],"9":[0,16],"10":[0,0],"11":[16,14]},"meta":{"lastBranch":12,"lastFunction":7,"lastStatement":24,"seen":{"s:11:45:16:Infinity":0,"f:18:9:18:33":0,"s:19:15:19:Infinity":1,"s:20:12:20:Infinity":2,"b:20:38:20:58:20:58:20:Infinity":0,"b:21:2:21:Infinity:undefined:undefined:undefined:undefined":1,"s:21:2:21:Infinity":3,"b:21:6:21:23:21:23:21:39:21:39:21:55:21:55:21:70":2,"s:21:70:21:Infinity":4,"s:22:2:22:Infinity":5,"f:25:9:25:19":1,"s:26:14:26:Infinity":6,"s:27:2:27:Infinity":7,"f:30:16:30:20":2,"b:31:2:31:Infinity:undefined:undefined:undefined:undefined":3,"s:31:2:31:Infinity":8,"s:31:25:31:Infinity":9,"s:32:24:38:Infinity":10,"b:37:29:37:34:37:34:37:Infinity":4,"s:40:17:40:Infinity":11,"b:41:2:49:Infinity:43:2:49:Infinity":5,"s:41:2:49:Infinity":12,"s:42:4:42:Infinity":13,"b:42:39:42:51:42:51:42:53":6,"b:43:2:49:Infinity:45:2:49:Infinity":7,"s:43:2:49:Infinity":14,"s:44:4:44:Infinity":15,"b:44:38:44:50:44:50:44:52":8,"b:45:2:49:Infinity:47:9:49:Infinity":9,"s:45:2:49:Infinity":16,"s:46:4:46:Infinity":17,"b:46:39:46:51:46:51:46:53":10,"s:48:4:48:Infinity":18,"b:48:37:48:49:48:49:48:51":11,"s:52:22:57:Infinity":19,"f:53:9:53:10":3,"s:53:61:53:Infinity":20,"f:54:8:54:9":4,"s:54:60:54:Infinity":21,"f:55:8:55:9":5,"s:55:60:55:Infinity":22,"f:56:9:56:10":6,"s:56:61:56:Infinity":23}}}
}
