TN:
SF:electron/main/indexer.ts
FN:27,(anonymous_0)
FN:58,(anonymous_1)
FN:61,(anonymous_2)
FN:87,(anonymous_3)
FN:203,(anonymous_4)
FN:219,(anonymous_5)
FN:246,(anonymous_6)
FN:255,(anonymous_7)
FN:256,(anonymous_8)
FN:257,(anonymous_9)
FN:285,(anonymous_10)
FN:286,(anonymous_11)
FN:288,(anonymous_12)
FN:323,(anonymous_13)
FN:331,(anonymous_14)
FN:408,(anonymous_15)
FN:411,(anonymous_16)
FN:419,(anonymous_17)
FN:420,(anonymous_18)
FN:431,(anonymous_19)
FN:437,(anonymous_20)
FN:438,(anonymous_21)
FN:439,(anonymous_22)
FN:481,(anonymous_23)
FN:485,(anonymous_24)
FN:504,(anonymous_25)
FN:505,(anonymous_26)
FN:506,(anonymous_27)
FN:507,(anonymous_28)
FN:583,(anonymous_29)
FN:599,(anonymous_30)
FNF:31
FNH:3
FNDA:17,(anonymous_0)
FNDA:14,(anonymous_1)
FNDA:38,(anonymous_2)
FNDA:0,(anonymous_3)
FNDA:0,(anonymous_4)
FNDA:0,(anonymous_5)
FNDA:0,(anonymous_6)
FNDA:0,(anonymous_7)
FNDA:0,(anonymous_8)
FNDA:0,(anonymous_9)
FNDA:0,(anonymous_10)
FNDA:0,(anonymous_11)
FNDA:0,(anonymous_12)
FNDA:0,(anonymous_13)
FNDA:0,(anonymous_14)
FNDA:0,(anonymous_15)
FNDA:0,(anonymous_16)
FNDA:0,(anonymous_17)
FNDA:0,(anonymous_18)
FNDA:0,(anonymous_19)
FNDA:0,(anonymous_20)
FNDA:0,(anonymous_21)
FNDA:0,(anonymous_22)
FNDA:0,(anonymous_23)
FNDA:0,(anonymous_24)
FNDA:0,(anonymous_25)
FNDA:0,(anonymous_26)
FNDA:0,(anonymous_27)
FNDA:0,(anonymous_28)
FNDA:0,(anonymous_29)
FNDA:0,(anonymous_30)
DA:12,1
DA:14,1
DA:15,1
DA:16,1
DA:18,1
DA:19,1
DA:22,1
DA:28,17
DA:29,17
DA:30,16
DA:34,17
DA:37,17
DA:38,17
DA:39,17
DA:41,17
DA:42,17
DA:43,17
DA:45,0
DA:46,0
DA:47,0
DA:50,0
DA:51,17
DA:53,17
DA:54,17
DA:59,14
DA:61,14
DA:62,38
DA:64,36
DA:65,164
DA:67,164
DA:68,24
DA:69,140
DA:71,140
DA:72,2
DA:75,138
DA:76,138
DA:77,134
DA:83,14
DA:84,12
DA:88,0
DA:89,0
DA:90,0
DA:92,0
DA:95,0
DA:96,0
DA:97,0
DA:99,0
DA:100,0
DA:103,0
DA:109,0
DA:133,0
DA:134,0
DA:135,0
DA:136,0
DA:138,0
DA:143,0
DA:144,0
DA:145,0
DA:146,0
DA:149,0
DA:151,0
DA:152,0
DA:153,0
DA:154,0
DA:160,0
DA:161,0
DA:162,0
DA:164,0
DA:169,0
DA:170,0
DA:171,0
DA:172,0
DA:175,0
DA:176,0
DA:177,0
DA:178,0
DA:179,0
DA:186,0
DA:187,0
DA:188,0
DA:189,0
DA:190,0
DA:192,0
DA:198,0
DA:200,0
DA:204,0
DA:206,0
DA:210,0
DA:211,0
DA:213,0
DA:215,0
DA:220,0
DA:221,0
DA:222,0
DA:223,0
DA:224,0
DA:225,0
DA:231,0
DA:232,0
DA:233,0
DA:234,0
DA:235,0
DA:237,0
DA:240,0
DA:242,0
DA:247,0
DA:248,0
DA:249,0
DA:250,0
DA:252,0
DA:256,0
DA:257,0
DA:258,0
DA:260,0
DA:282,0
DA:285,0
DA:286,0
DA:288,0
DA:289,0
DA:290,0
DA:291,0
DA:292,0
DA:294,0
DA:297,0
DA:324,0
DA:325,0
DA:328,0
DA:329,0
DA:331,0
DA:332,0
DA:333,0
DA:334,0
DA:335,0
DA:336,0
DA:337,0
DA:338,0
DA:339,0
DA:340,0
DA:341,0
DA:342,0
DA:344,0
DA:345,0
DA:347,0
DA:348,0
DA:349,0
DA:352,0
DA:353,0
DA:354,0
DA:355,0
DA:356,0
DA:357,0
DA:359,0
DA:382,0
DA:383,0
DA:409,0
DA:411,0
DA:412,0
DA:419,0
DA:421,0
DA:422,0
DA:423,0
DA:425,0
DA:432,0
DA:434,0
DA:435,0
DA:436,0
DA:437,0
DA:438,0
DA:439,0
DA:442,0
DA:443,0
DA:444,0
DA:445,0
DA:446,0
DA:447,0
DA:448,0
DA:449,0
DA:450,0
DA:458,0
DA:459,0
DA:463,0
DA:468,0
DA:469,0
DA:474,0
DA:476,0
DA:477,0
DA:482,0
DA:483,0
DA:485,0
DA:486,0
DA:487,0
DA:488,0
DA:490,0
DA:491,0
DA:492,0
DA:497,0
DA:499,0
DA:500,0
DA:501,0
DA:502,0
DA:503,0
DA:504,0
DA:505,0
DA:506,0
DA:507,0
DA:510,0
DA:511,0
DA:512,0
DA:513,0
DA:514,0
DA:515,0
DA:516,0
DA:517,0
DA:518,0
DA:526,0
DA:527,0
DA:530,0
DA:531,0
DA:534,0
DA:535,0
DA:536,0
DA:537,0
DA:540,0
DA:543,0
DA:549,0
DA:550,0
DA:555,0
DA:557,0
DA:559,0
DA:560,0
DA:564,0
DA:569,0
DA:570,0
DA:576,0
DA:578,0
DA:579,0
DA:585,0
DA:596,0
DA:600,0
DA:602,0
DA:624,0
LF:241
LH:35
BRDA:29,0,0,16
BRDA:29,0,1,1
BRDA:41,1,0,17
BRDA:41,1,1,0
BRDA:45,2,0,0
BRDA:45,2,1,0
BRDA:50,3,0,0
BRDA:50,3,1,0
BRDA:67,4,0,24
BRDA:67,4,1,140
BRDA:69,5,0,140
BRDA:69,5,1,0
BRDA:71,6,0,2
BRDA:71,6,1,138
BRDA:71,7,0,140
BRDA:71,7,1,138
BRDA:76,8,0,134
BRDA:76,8,1,4
BRDA:76,9,0,138
BRDA:76,9,1,71
BRDA:90,10,0,0
BRDA:90,10,1,0
BRDA:133,11,0,0
BRDA:133,11,1,0
BRDA:145,12,0,0
BRDA:145,12,1,0
BRDA:145,13,0,0
BRDA:145,13,1,0
BRDA:171,14,0,0
BRDA:171,14,1,0
BRDA:171,15,0,0
BRDA:171,15,1,0
BRDA:187,16,0,0
BRDA:187,16,1,0
BRDA:206,17,0,0
BRDA:206,17,1,0
BRDA:210,18,0,0
BRDA:210,18,1,0
BRDA:210,19,0,0
BRDA:210,19,1,0
BRDA:222,20,0,0
BRDA:222,20,1,0
BRDA:225,21,0,0
BRDA:225,21,1,0
BRDA:232,22,0,0
BRDA:232,22,1,0
BRDA:232,23,0,0
BRDA:232,23,1,0
BRDA:235,24,0,0
BRDA:235,24,1,0
BRDA:258,25,0,0
BRDA:258,25,1,0
BRDA:289,26,0,0
BRDA:289,26,1,0
BRDA:291,27,0,0
BRDA:291,27,1,0
BRDA:298,28,0,0
BRDA:298,28,1,0
BRDA:299,29,0,0
BRDA:299,29,1,0
BRDA:300,30,0,0
BRDA:300,30,1,0
BRDA:303,31,0,0
BRDA:303,31,1,0
BRDA:304,32,0,0
BRDA:304,32,1,0
BRDA:305,33,0,0
BRDA:305,33,1,0
BRDA:306,34,0,0
BRDA:306,34,1,0
BRDA:328,35,0,0
BRDA:328,35,1,0
BRDA:328,35,2,0
BRDA:329,36,0,0
BRDA:329,36,1,0
BRDA:329,36,2,0
BRDA:332,37,0,0
BRDA:332,37,1,0
BRDA:332,38,0,0
BRDA:332,38,1,0
BRDA:333,39,0,0
BRDA:333,39,1,0
BRDA:335,40,0,0
BRDA:335,40,1,0
BRDA:335,41,0,0
BRDA:335,41,1,0
BRDA:336,42,0,0
BRDA:336,42,1,0
BRDA:337,43,0,0
BRDA:337,43,1,0
BRDA:338,44,0,0
BRDA:338,44,1,0
BRDA:339,45,0,0
BRDA:339,45,1,0
BRDA:339,46,0,0
BRDA:339,46,1,0
BRDA:340,47,0,0
BRDA:340,47,1,0
BRDA:341,48,0,0
BRDA:341,48,1,0
BRDA:341,49,0,0
BRDA:341,49,1,0
BRDA:342,50,0,0
BRDA:342,50,1,0
BRDA:345,51,0,0
BRDA:345,51,1,0
BRDA:348,52,0,0
BRDA:348,52,1,0
BRDA:348,53,0,0
BRDA:348,53,1,0
BRDA:353,54,0,0
BRDA:353,54,1,0
BRDA:353,54,2,0
BRDA:354,55,0,0
BRDA:354,55,1,0
BRDA:355,56,0,0
BRDA:355,56,1,0
BRDA:356,57,0,0
BRDA:356,57,1,0
BRDA:357,58,0,0
BRDA:357,58,1,0
BRDA:369,59,0,0
BRDA:369,59,1,0
BRDA:370,60,0,0
BRDA:370,60,1,0
BRDA:371,61,0,0
BRDA:371,61,1,0
BRDA:372,62,0,0
BRDA:372,62,1,0
BRDA:373,63,0,0
BRDA:373,63,1,0
BRDA:374,64,0,0
BRDA:374,64,1,0
BRDA:375,65,0,0
BRDA:375,65,1,0
BRDA:376,66,0,0
BRDA:376,66,1,0
BRDA:377,67,0,0
BRDA:377,67,1,0
BRDA:379,68,0,0
BRDA:379,68,1,0
BRDA:446,69,0,0
BRDA:446,69,1,0
BRDA:448,70,0,0
BRDA:448,70,1,0
BRDA:458,71,0,0
BRDA:458,71,1,0
BRDA:458,72,0,0
BRDA:458,72,1,0
BRDA:486,73,0,0
BRDA:486,73,1,0
BRDA:491,74,0,0
BRDA:491,74,1,0
BRDA:499,75,0,0
BRDA:499,75,1,0
BRDA:514,76,0,0
BRDA:514,76,1,0
BRDA:514,77,0,0
BRDA:514,77,1,0
BRDA:516,78,0,0
BRDA:516,78,1,0
BRDA:526,79,0,0
BRDA:526,79,1,0
BRDA:530,80,0,0
BRDA:530,80,1,0
BRDA:530,81,0,0
BRDA:530,81,1,0
BRDA:536,82,0,0
BRDA:536,82,1,0
BRDA:630,83,0,0
BRDA:630,83,1,0
BRDA:630,84,0,0
BRDA:630,84,1,0
BRF:173
BRH:14
end_of_record
TN:
SF:electron/main/moveUtils.ts
FN:4,normalizePathPrefix
FN:8,ensureUniquePath
FNF:2
FNH:2
FNDA:14,normalizePathPrefix
FNDA:16,ensureUniquePath
DA:5,14
DA:9,16
DA:10,16
DA:11,16
DA:12,35
DA:13,35
DA:14,35
DA:15,35
DA:16,35
DA:17,19
DA:19,16
LF:11
LH:11
BRDA:5,0,0,14
BRDA:5,0,1,1
BRDA:12,1,0,16
BRDA:12,1,1,19
BRF:4
BRH:4
end_of_record
TN:
SF:electron/main/volume-manager.ts
FN:10,(anonymous_0)
FN:20,(anonymous_1)
FN:55,(anonymous_2)
FN:68,(anonymous_3)
FN:117,(anonymous_4)
FN:128,(anonymous_5)
FN:157,(anonymous_6)
FN:167,(anonymous_7)
FN:180,(anonymous_8)
FN:197,(anonymous_9)
FN:202,(anonymous_10)
FN:212,(anonymous_11)
FN:229,(anonymous_12)
FN:246,(anonymous_13)
FNF:14
FNH:14
FNDA:2,(anonymous_0)
FNDA:7,(anonymous_1)
FNDA:4,(anonymous_2)
FNDA:6,(anonymous_3)
FNDA:2,(anonymous_4)
FNDA:3,(anonymous_5)
FNDA:3,(anonymous_6)
FNDA:7,(anonymous_7)
FNDA:7,(anonymous_8)
FNDA:4,(anonymous_9)
FNDA:6,(anonymous_10)
FNDA:19,(anonymous_11)
FNDA:6,(anonymous_12)
FNDA:5,(anonymous_13)
DA:11,2
DA:12,2
DA:13,2
DA:14,2
DA:16,2
DA:21,7
DA:22,7
DA:23,7
DA:25,7
DA:27,7
DA:28,6
DA:36,6
DA:38,1
DA:39,1
DA:40,1
DA:45,7
DA:46,7
DA:47,7
DA:52,7
DA:56,4
DA:57,4
DA:58,4
DA:59,3
DA:60,4
DA:61,2
DA:62,2
DA:64,0
DA:69,6
DA:70,6
DA:71,6
DA:72,5
DA:73,4
DA:74,4
DA:76,3
DA:77,2
DA:78,2
DA:79,2
DA:80,2
DA:81,0
DA:83,2
DA:86,1
DA:88,1
DA:89,1
DA:90,1
DA:91,0
DA:92,0
DA:94,1
DA:96,1
DA:97,1
DA:99,0
DA:102,1
DA:105,1
DA:106,1
DA:107,1
DA:111,1
DA:113,0
DA:118,2
DA:119,2
DA:120,2
DA:121,1
DA:122,1
DA:124,0
DA:129,3
DA:130,3
DA:131,3
DA:135,3
DA:136,3
DA:137,3
DA:138,3
DA:139,1
DA:140,1
DA:141,1
DA:142,1
DA:145,1
DA:146,1
DA:151,0
DA:152,0
DA:157,3
DA:168,7
DA:169,4
DA:170,4
DA:171,2
DA:173,2
DA:174,3
DA:175,3
DA:177,0
DA:181,7
DA:182,7
DA:183,4
DA:184,4
DA:185,4
DA:186,3
DA:187,3
DA:188,3
DA:189,3
DA:192,2
DA:194,2
DA:198,4
DA:199,4
DA:203,6
DA:204,3
DA:206,3
DA:207,0
DA:209,3
DA:213,19
DA:214,19
DA:215,19
DA:217,19
DA:219,10
DA:230,6
DA:231,6
DA:236,6
DA:247,5
DA:248,5
DA:249,5
DA:251,5
DA:252,2
DA:253,2
DA:256,5
DA:257,2
DA:258,2
DA:260,5
DA:261,2
DA:262,2
DA:264,5
DA:265,1
DA:266,1
DA:269,5
DA:270,2
DA:271,2
DA:274,5
DA:276,5
DA:277,5
DA:279,5
DA:280,5
LF:135
LH:124
BRDA:14,0,0,0
BRDA:14,0,1,0
BRDA:27,1,0,6
BRDA:27,1,1,1
BRDA:58,2,0,1
BRDA:58,2,1,3
BRDA:59,3,0,3
BRDA:59,3,1,0
BRDA:60,4,0,1
BRDA:60,4,1,3
BRDA:71,5,0,1
BRDA:71,5,1,5
BRDA:72,6,0,1
BRDA:72,6,1,4
BRDA:73,7,0,0
BRDA:73,7,1,4
BRDA:74,8,0,1
BRDA:74,8,1,3
BRDA:76,9,0,2
BRDA:76,9,1,1
BRDA:80,10,0,0
BRDA:80,10,1,2
BRDA:86,11,0,1
BRDA:86,11,1,0
BRDA:89,12,0,1
BRDA:89,12,1,0
BRDA:89,13,0,1
BRDA:89,13,1,0
BRDA:91,14,0,0
BRDA:91,14,1,0
BRDA:96,15,0,1
BRDA:96,15,1,0
BRDA:120,16,0,1
BRDA:120,16,1,1
BRDA:138,17,0,1
BRDA:138,17,1,2
BRDA:138,18,0,3
BRDA:138,18,1,3
BRDA:138,18,2,3
BRDA:168,19,0,4
BRDA:168,19,1,3
BRDA:170,20,0,2
BRDA:170,20,1,2
BRDA:174,21,0,3
BRDA:174,21,1,0
BRDA:182,22,0,4
BRDA:182,22,1,3
BRDA:185,23,0,2
BRDA:185,23,1,1
BRDA:186,24,0,3
BRDA:186,24,1,0
BRDA:189,25,0,1
BRDA:189,25,1,1
BRDA:203,26,0,3
BRDA:203,26,1,3
BRDA:203,27,0,6
BRDA:203,27,1,4
BRDA:206,28,0,0
BRDA:206,28,1,3
BRDA:206,29,0,3
BRDA:206,29,1,3
BRDA:217,30,0,9
BRDA:217,30,1,10
BRDA:251,31,0,2
BRDA:251,31,1,3
BRDA:256,32,0,2
BRDA:256,32,1,3
BRDA:260,33,0,2
BRDA:260,33,1,3
BRDA:264,34,0,1
BRDA:264,34,1,4
BRDA:269,35,0,2
BRDA:269,35,1,3
BRDA:271,36,0,1
BRDA:271,36,1,1
BRDA:274,37,0,0
BRDA:274,37,1,5
BRF:77
BRH:62
end_of_record
TN:
SF:electron/test/helpers/fixtures.ts
FN:15,(anonymous_0)
FN:20,(anonymous_1)
FN:42,(anonymous_2)
FN:52,(anonymous_3)
FN:59,(anonymous_4)
FN:68,createTestFileSystem
FNF:6
FNH:6
FNDA:16,(anonymous_0)
FNDA:140,(anonymous_1)
FNDA:13,(anonymous_2)
FNDA:14,(anonymous_3)
FNDA:16,(anonymous_4)
FNDA:16,createTestFileSystem
DA:13,16
DA:16,16
DA:17,16
DA:21,140
DA:22,0
DA:25,140
DA:26,140
DA:28,140
DA:29,3
DA:32,140
DA:34,140
DA:43,13
DA:44,0
DA:47,13
DA:48,13
DA:49,13
DA:53,14
DA:54,0
DA:56,14
DA:60,16
DA:61,16
DA:62,16
DA:63,16
DA:69,16
LF:24
LH:21
BRDA:20,0,0,140
BRDA:21,1,0,0
BRDA:21,1,1,140
BRDA:28,2,0,3
BRDA:28,2,1,137
BRDA:36,3,0,140
BRDA:36,3,1,0
BRDA:43,4,0,0
BRDA:43,4,1,13
BRDA:53,5,0,0
BRDA:53,5,1,14
BRDA:60,6,0,16
BRDA:60,6,1,0
BRF:13
BRH:8
end_of_record
TN:
SF:electron/test/helpers/test-db.ts
FN:10,(anonymous_0)
FN:17,(anonymous_1)
FN:29,createTestDb
FNF:3
FNH:3
FNDA:12,(anonymous_0)
FNDA:12,(anonymous_1)
FNDA:12,createTestDb
DA:7,12
DA:8,12
DA:11,12
DA:12,12
DA:13,12
DA:14,12
DA:18,12
DA:19,12
DA:20,12
DA:22,12
DA:23,12
DA:24,12
DA:30,12
LF:13
LH:13
BRDA:18,0,0,12
BRDA:18,0,1,0
BRDA:22,1,0,12
BRDA:22,1,1,0
BRF:4
BRH:2
end_of_record
TN:
SF:src/shared/ipcInvoke.ts
FN:5,ipcInvoke
FNF:1
FNH:1
FNDA:2,ipcInvoke
DA:6,2
DA:7,2
DA:9,1
DA:10,1
LF:4
LH:4
BRF:0
BRH:0
end_of_record
TN:
SF:src/shared/logger.ts
FN:18,getMinLevel
FN:25,shouldLog
FN:30,log
FN:53,(anonymous_3)
FN:54,(anonymous_4)
FN:55,(anonymous_5)
FN:56,(anonymous_6)
FNF:7
FNH:7
FNDA:23,getMinLevel
FNDA:23,shouldLog
FNDA:23,log
FNDA:2,(anonymous_3)
FNDA:15,(anonymous_4)
FNDA:2,(anonymous_5)
FNDA:3,(anonymous_6)
DA:11,2
DA:19,23
DA:20,23
DA:21,23
DA:22,23
DA:26,23
DA:27,23
DA:31,23
DA:32,21
DA:40,23
DA:41,23
DA:42,3
DA:43,18
DA:44,2
DA:45,16
DA:46,0
DA:48,16
DA:52,2
DA:53,2
DA:54,15
DA:55,2
DA:56,3
LF:22
LH:21
BRDA:20,0,0,0
BRDA:20,0,1,23
BRDA:21,1,0,0
BRDA:21,1,1,23
BRDA:21,2,0,23
BRDA:21,2,1,23
BRDA:21,2,2,23
BRDA:21,2,3,23
BRDA:31,3,0,2
BRDA:31,3,1,21
BRDA:37,4,0,17
BRDA:37,4,1,4
BRDA:41,5,0,3
BRDA:41,5,1,18
BRDA:42,6,0,3
BRDA:42,6,1,2
BRDA:43,7,0,2
BRDA:43,7,1,16
BRDA:44,8,0,2
BRDA:44,8,1,2
BRDA:45,9,0,0
BRDA:45,9,1,16
BRDA:46,10,0,0
BRDA:46,10,1,0
BRDA:48,11,0,16
BRDA:48,11,1,14
BRF:26
BRH:21
end_of_record
